#
# There is insufficient memory for the Java Runtime Environment to continue.
# Native memory allocation (malloc) failed to allocate 1048336 bytes. Error detail: Chunk::new
# Possible reasons:
#   The system is out of physical RAM or swap space
#   This process is running with CompressedOops enabled, and the Java Heap may be blocking the growth of the native heap
# Possible solutions:
#   Reduce memory load on the system
#   Increase physical memory or swap space
#   Check if swap backing store is full
#   Decrease Java heap size (-Xmx/-Xms)
#   Decrease number of Java threads
#   Decrease Java thread stack sizes (-Xss)
#   Set larger code cache with -XX:ReservedCodeCacheSize=
#   JVM is running with Unscaled Compressed Oops mode in which the Java heap is
#     placed in the first 4GB address space. The Java Heap base address is the
#     maximum limit for the native heap growth. Please use -XX:HeapBaseMinAddress
#     to set the Java Heap base and to place the Java Heap above 4GB virtual address.
# This output file may be truncated or incomplete.
#
#  Out of Memory Error (arena.cpp:168), pid=13264, tid=8028
#
# JRE version: OpenJDK Runtime Environment Temurin-21.0.10+7 (21.0.10+7) (build 21.0.10+7-LTS)
# Java VM: OpenJDK 64-Bit Server VM Temurin-21.0.10+7 (21.0.10+7-LTS, mixed mode, sharing, tiered, compressed oops, compressed class ptrs, g1 gc, windows-amd64)
# No core dump will be written. Minidumps are not enabled by default on client versions of Windows
#

---------------  S U M M A R Y ------------

Command Line: --add-opens=java.base/java.lang=ALL-UNNAMED --add-opens=java.base/java.lang.invoke=ALL-UNNAMED --add-opens=java.base/java.util=ALL-UNNAMED --add-opens=java.prefs/java.util.prefs=ALL-UNNAMED --add-exports=jdk.compiler/com.sun.tools.javac.api=ALL-UNNAMED --add-exports=jdk.compiler/com.sun.tools.javac.util=ALL-UNNAMED --add-opens=java.base/java.util=ALL-UNNAMED --add-opens=java.prefs/java.util.prefs=ALL-UNNAMED --add-opens=java.base/java.nio.charset=ALL-UNNAMED --add-opens=java.base/java.net=ALL-UNNAMED --add-opens=java.base/java.util.concurrent=ALL-UNNAMED --add-opens=java.base/java.util.concurrent.atomic=ALL-UNNAMED --add-opens=java.xml/javax.xml.namespace=ALL-UNNAMED --add-opens=java.base/java.time=ALL-UNNAMED -XX:MaxMetaspaceSize=4G -XX:ReservedCodeCacheSize=512m -XX:+HeapDumpOnOutOfMemoryError -Xmx2G -Dfile.encoding=UTF-8 -Duser.country=PH -Duser.language=en -Duser.variant -javaagent:D:\GradleCache\wrapper\dists\gradle-9.1.0-all\7wzd0jkjit61aq2p43wpjgij9\gradle-9.1.0\lib\agents\gradle-instrumentation-agent-9.1.0.jar org.gradle.launcher.daemon.bootstrap.GradleDaemon 9.1.0

Host: Intel(R) Core(TM) i5-7300U CPU @ 2.60GHz, 4 cores, 7G,  Windows 10 , 64 bit Build 19041 (10.0.19041.7291)
Time: Sat May 23 18:02:17 2026 Malay Peninsula Standard Time elapsed time: 141.278213 seconds (0d 0h 2m 21s)

---------------  T H R E A D  ---------------

Current thread (0x0000027ffad89b70):  JavaThread "C2 CompilerThread1" daemon [_thread_in_native, id=8028, stack(0x000000d7d2a00000,0x000000d7d2b00000) (1024K)]


Current CompileTask:
C2:141278 14699   !   4       java.nio.file.FileTreeWalker::next (144 bytes)

Stack: [0x000000d7d2a00000,0x000000d7d2b00000]
Native frames: (J=compiled Java code, j=interpreted, Vv=VM code, C=native code)
V  [jvm.dll+0x6d7a39]
V  [jvm.dll+0x8b4b26]
V  [jvm.dll+0x8b70de]
V  [jvm.dll+0x8b77c3]
V  [jvm.dll+0x284346]
V  [jvm.dll+0xc66ed]
V  [jvm.dll+0xc6c31]
V  [jvm.dll+0x2fb29e]
V  [jvm.dll+0x5fe884]
V  [jvm.dll+0x255b17]
V  [jvm.dll+0x255edd]
V  [jvm.dll+0x24e500]
V  [jvm.dll+0x24ba42]
V  [jvm.dll+0x1cb34e]
V  [jvm.dll+0x25b85d]
V  [jvm.dll+0x259dea]
V  [jvm.dll+0x3f857e]
V  [jvm.dll+0x85f59d]
V  [jvm.dll+0x6d626d]
C  [ucrtbase.dll+0x21bb2]
C  [KERNEL32.DLL+0x17374]
C  [ntdll.dll+0x4cc91]


---------------  P R O C E S S  ---------------

Threads class SMR info:
_java_thread_list=0x0000027ffb790b30, length=88, elements={
0x0000027fc8f73c10, 0x0000027ff1051cd0, 0x0000027ff1052da0, 0x0000027ff1056c30,
0x0000027ff1057690, 0x0000027ff10580f0, 0x0000027ff1058b50, 0x0000027ff10598e0,
0x0000027ff105bdb0, 0x0000027ff12f0230, 0x0000027ff135dff0, 0x0000027ff1543070,
0x0000027ff10d7890, 0x0000027ff6479e40, 0x0000027ff6d067f0, 0x0000027ff6d06e60,
0x0000027ff6ceca60, 0x0000027ff6b517d0, 0x0000027ff6b50420, 0x0000027ff6b51e60,
0x0000027ff6b524f0, 0x0000027ff6b51140, 0x0000027ff6b4fd90, 0x0000027ff6b52b80,
0x0000027ff6b50ab0, 0x0000027ff87cd980, 0x0000027ff87d0770, 0x0000027ff87d1490,
0x0000027ff87ce6a0, 0x0000027ff87cab90, 0x0000027ff87cb220, 0x0000027ff87d0e00,
0x0000027ff87cd2f0, 0x0000027ff87ced30, 0x0000027ff87d1b20, 0x0000027ff87cbf40,
0x0000027ff87cfa50, 0x0000027ff6fc9d50, 0x0000027ff6fca3e0, 0x0000027ff6fc96c0,
0x0000027ff6fc9030, 0x0000027ff6fcd860, 0x0000027ff6fcdef0, 0x0000027ff6fcc4b0,
0x0000027ff6fc7c80, 0x0000027ff9aeca60, 0x0000027ff9af0c00, 0x0000027ff9aeb020,
0x0000027ff9aed780, 0x0000027ff9af2640, 0x0000027ff9aefee0, 0x0000027ff9aede10,
0x0000027ff9af1290, 0x0000027ff9af1920, 0x0000027ff9af1fb0, 0x0000027ff9aee4a0,
0x0000027ff9aeb6b0, 0x0000027ff9aef1c0, 0x0000027ff9aebd40, 0x0000027ff9aeeb30,
0x0000027ff9aec3d0, 0x0000027ff9af0570, 0x0000027ff9aef850, 0x0000027ff6fce580,
0x0000027ff75d5ab0, 0x0000027ff75d5420, 0x0000027ff75d8f30, 0x0000027ff75d4d90,
0x0000027ff75d95c0, 0x0000027ff75d67d0, 0x0000027ff75d4070, 0x0000027ffb304720,
0x0000027ffb302650, 0x0000027fc5045bf0, 0x0000027fc5046910, 0x0000027ffb3012a0,
0x0000027ffb760510, 0x0000027ffb75c370, 0x0000027ffb760ba0, 0x0000027ffb761230,
0x0000027ffb7618c0, 0x0000027ffb75f7f0, 0x0000027ffb75d720, 0x0000027ffb75d090,
0x0000027ffb762c70, 0x0000027ff75da2e0, 0x0000027ff75da970, 0x0000027ffad89b70
}

Java Threads: ( => current thread )
  0x0000027fc8f73c10 JavaThread "main"                              [_thread_blocked, id=1460, stack(0x000000d7cca00000,0x000000d7ccb00000) (1024K)]
  0x0000027ff1051cd0 JavaThread "Reference Handler"          daemon [_thread_blocked, id=1920, stack(0x000000d7cd300000,0x000000d7cd400000) (1024K)]
  0x0000027ff1052da0 JavaThread "Finalizer"                  daemon [_thread_blocked, id=11948, stack(0x000000d7cd400000,0x000000d7cd500000) (1024K)]
  0x0000027ff1056c30 JavaThread "Signal Dispatcher"          daemon [_thread_blocked, id=16440, stack(0x000000d7cd500000,0x000000d7cd600000) (1024K)]
  0x0000027ff1057690 JavaThread "Attach Listener"            daemon [_thread_blocked, id=9704, stack(0x000000d7cd600000,0x000000d7cd700000) (1024K)]
  0x0000027ff10580f0 JavaThread "Service Thread"             daemon [_thread_blocked, id=18812, stack(0x000000d7cd700000,0x000000d7cd800000) (1024K)]
  0x0000027ff1058b50 JavaThread "Monitor Deflation Thread"   daemon [_thread_blocked, id=13840, stack(0x000000d7cd800000,0x000000d7cd900000) (1024K)]
  0x0000027ff10598e0 JavaThread "C2 CompilerThread0"         daemon [_thread_in_native, id=15668, stack(0x000000d7cd900000,0x000000d7cda00000) (1024K)]
  0x0000027ff105bdb0 JavaThread "C1 CompilerThread0"         daemon [_thread_blocked, id=1924, stack(0x000000d7cda00000,0x000000d7cdb00000) (1024K)]
  0x0000027ff12f0230 JavaThread "Common-Cleaner"             daemon [_thread_blocked, id=13928, stack(0x000000d7cdb00000,0x000000d7cdc00000) (1024K)]
  0x0000027ff135dff0 JavaThread "Notification Thread"        daemon [_thread_blocked, id=12740, stack(0x000000d7cdc00000,0x000000d7cdd00000) (1024K)]
  0x0000027ff1543070 JavaThread "Daemon health stats"               [_thread_blocked, id=18548, stack(0x000000d7ce000000,0x000000d7ce100000) (1024K)]
  0x0000027ff10d7890 JavaThread "Incoming local TCP Connector on port 55768"        [_thread_in_native, id=12480, stack(0x000000d7ce100000,0x000000d7ce200000) (1024K)]
  0x0000027ff6479e40 JavaThread "Daemon periodic checks"            [_thread_blocked, id=17188, stack(0x000000d7ce200000,0x000000d7ce300000) (1024K)]
  0x0000027ff6d067f0 JavaThread "Daemon"                            [_thread_blocked, id=7932, stack(0x000000d7ce300000,0x000000d7ce400000) (1024K)]
  0x0000027ff6d06e60 JavaThread "Handler for socket connection from /127.0.0.1:55768 to /127.0.0.1:55769"        [_thread_in_native, id=13876, stack(0x000000d7ce400000,0x000000d7ce500000) (1024K)]
  0x0000027ff6ceca60 JavaThread "Cancel handler"                    [_thread_blocked, id=17516, stack(0x000000d7ce500000,0x000000d7ce600000) (1024K)]
  0x0000027ff6b517d0 JavaThread "Daemon worker"                     [_thread_in_Java, id=1288, stack(0x000000d7ce600000,0x000000d7ce700000) (1024K)]
  0x0000027ff6b50420 JavaThread "Asynchronous log dispatcher for DefaultDaemonConnection: socket connection from /127.0.0.1:55768 to /127.0.0.1:55769"        [_thread_blocked, id=10404, stack(0x000000d7ce700000,0x000000d7ce800000) (1024K)]
  0x0000027ff6b51e60 JavaThread "Stdin handler"                     [_thread_blocked, id=14044, stack(0x000000d7ce800000,0x000000d7ce900000) (1024K)]
  0x0000027ff6b524f0 JavaThread "Daemon client event forwarder"        [_thread_blocked, id=18116, stack(0x000000d7ce900000,0x000000d7cea00000) (1024K)]
  0x0000027ff6b51140 JavaThread "Cache worker for journal cache (D:\GradleCache\caches\journal-1)"        [_thread_blocked, id=7396, stack(0x000000d7cea00000,0x000000d7ceb00000) (1024K)]
  0x0000027ff6b4fd90 JavaThread "File lock request listener"        [_thread_in_native, id=12044, stack(0x000000d7ceb00000,0x000000d7cec00000) (1024K)]
  0x0000027ff6b52b80 JavaThread "Cache worker for file hash cache (D:\GradleCache\caches\9.1.0\fileHashes)"        [_thread_blocked, id=1864, stack(0x000000d7cec00000,0x000000d7ced00000) (1024K)]
  0x0000027ff6b50ab0 JavaThread "File lock release action executor"        [_thread_blocked, id=14340, stack(0x000000d7cee00000,0x000000d7cef00000) (1024K)]
  0x0000027ff87cd980 JavaThread "Cache worker for file hash cache (D:\vscode\acuvia\frontend\acuvia_app\android\.gradle\9.1.0\fileHashes)"        [_thread_blocked, id=15656, stack(0x000000d7ced00000,0x000000d7cee00000) (1024K)]
  0x0000027ff87d0770 JavaThread "Cache worker for Build Output Cleanup Cache (D:\vscode\acuvia\frontend\acuvia_app\android\.gradle\buildOutputCleanup)"        [_thread_blocked, id=16900, stack(0x000000d7cef00000,0x000000d7cf000000) (1024K)]
  0x0000027ff87d1490 JavaThread "File watcher server"        daemon [_thread_in_native, id=2868, stack(0x000000d7cf000000,0x000000d7cf100000) (1024K)]
  0x0000027ff87ce6a0 JavaThread "File watcher consumer"      daemon [_thread_blocked, id=11144, stack(0x000000d7cf100000,0x000000d7cf200000) (1024K)]
  0x0000027ff87cab90 JavaThread "Cache worker for checksums cache (D:\vscode\acuvia\frontend\acuvia_app\android\.gradle\9.1.0\checksums)"        [_thread_blocked, id=5912, stack(0x000000d7cf200000,0x000000d7cf300000) (1024K)]
  0x0000027ff87cb220 JavaThread "Cache worker for file content cache (D:\GradleCache\caches\9.1.0\fileContent)"        [_thread_blocked, id=6932, stack(0x000000d7cf300000,0x000000d7cf400000) (1024K)]
  0x0000027ff87d0e00 JavaThread "Cache worker for cache directory md-supplier (D:\GradleCache\caches\9.1.0\md-supplier)"        [_thread_blocked, id=15832, stack(0x000000d7cf400000,0x000000d7cf500000) (1024K)]
  0x0000027ff87cd2f0 JavaThread "Cache worker for cache directory md-rule (D:\GradleCache\caches\9.1.0\md-rule)"        [_thread_blocked, id=6596, stack(0x000000d7cf500000,0x000000d7cf600000) (1024K)]
  0x0000027ff87ced30 JavaThread "Cache worker for Build Output Cleanup Cache (D:\src\flutter\packages\flutter_tools\gradle\.gradle\buildOutputCleanup)"        [_thread_blocked, id=14760, stack(0x000000d7cf600000,0x000000d7cf700000) (1024K)]
  0x0000027ff87d1b20 JavaThread "Unconstrained build operations"        [_thread_blocked, id=13592, stack(0x000000d7cf700000,0x000000d7cf800000) (1024K)]
  0x0000027ff87cbf40 JavaThread "Unconstrained build operations Thread 2"        [_thread_blocked, id=1552, stack(0x000000d7cf800000,0x000000d7cf900000) (1024K)]
  0x0000027ff87cfa50 JavaThread "Unconstrained build operations Thread 3"        [_thread_blocked, id=11648, stack(0x000000d7cf900000,0x000000d7cfa00000) (1024K)]
  0x0000027ff6fc9d50 JavaThread "Unconstrained build operations Thread 4"        [_thread_blocked, id=14456, stack(0x000000d7cfa00000,0x000000d7cfb00000) (1024K)]
  0x0000027ff6fca3e0 JavaThread "Unconstrained build operations Thread 5"        [_thread_blocked, id=15508, stack(0x000000d7cfb00000,0x000000d7cfc00000) (1024K)]
  0x0000027ff6fc96c0 JavaThread "Unconstrained build operations Thread 6"        [_thread_blocked, id=20052, stack(0x000000d7cfc00000,0x000000d7cfd00000) (1024K)]
  0x0000027ff6fc9030 JavaThread "Unconstrained build operations Thread 7"        [_thread_blocked, id=10700, stack(0x000000d7cfd00000,0x000000d7cfe00000) (1024K)]
  0x0000027ff6fcd860 JavaThread "Unconstrained build operations Thread 8"        [_thread_blocked, id=17564, stack(0x000000d7cfe00000,0x000000d7cff00000) (1024K)]
  0x0000027ff6fcdef0 JavaThread "Unconstrained build operations Thread 9"        [_thread_blocked, id=17936, stack(0x000000d7cff00000,0x000000d7d0000000) (1024K)]
  0x0000027ff6fcc4b0 JavaThread "Memory manager"                    [_thread_blocked, id=13552, stack(0x000000d7d0000000,0x000000d7d0100000) (1024K)]
  0x0000027ff6fc7c80 JavaThread "build event listener"              [_thread_blocked, id=13380, stack(0x000000d7cc900000,0x000000d7cca00000) (1024K)]
  0x0000027ff9aeca60 JavaThread "included builds"                   [_thread_blocked, id=12668, stack(0x000000d7d0100000,0x000000d7d0200000) (1024K)]
  0x0000027ff9af0c00 JavaThread "Execution worker"                  [_thread_blocked, id=13156, stack(0x000000d7ccb00000,0x000000d7ccc00000) (1024K)]
  0x0000027ff9aeb020 JavaThread "Execution worker Thread 2"         [_thread_blocked, id=4688, stack(0x000000d7d0200000,0x000000d7d0300000) (1024K)]
  0x0000027ff9aed780 JavaThread "Execution worker Thread 3"         [_thread_blocked, id=13776, stack(0x000000d7d0300000,0x000000d7d0400000) (1024K)]
  0x0000027ff9af2640 JavaThread "Cache worker for execution history cache (D:\src\flutter\packages\flutter_tools\gradle\.gradle\9.1.0\executionHistory)"        [_thread_blocked, id=19352, stack(0x000000d7d0400000,0x000000d7d0500000) (1024K)]
  0x0000027ff9aefee0 JavaThread "Unconstrained build operations Thread 10"        [_thread_blocked, id=13276, stack(0x000000d7d0500000,0x000000d7d0600000) (1024K)]
  0x0000027ff9aede10 JavaThread "Unconstrained build operations Thread 11"        [_thread_blocked, id=19676, stack(0x000000d7d0600000,0x000000d7d0700000) (1024K)]
  0x0000027ff9af1290 JavaThread "Unconstrained build operations Thread 12"        [_thread_blocked, id=14132, stack(0x000000d7d0700000,0x000000d7d0800000) (1024K)]
  0x0000027ff9af1920 JavaThread "Unconstrained build operations Thread 13"        [_thread_blocked, id=17008, stack(0x000000d7d0800000,0x000000d7d0900000) (1024K)]
  0x0000027ff9af1fb0 JavaThread "Unconstrained build operations Thread 14"        [_thread_blocked, id=6056, stack(0x000000d7d0900000,0x000000d7d0a00000) (1024K)]
  0x0000027ff9aee4a0 JavaThread "Unconstrained build operations Thread 15"        [_thread_blocked, id=12532, stack(0x000000d7d0a00000,0x000000d7d0b00000) (1024K)]
  0x0000027ff9aeb6b0 JavaThread "Unconstrained build operations Thread 16"        [_thread_blocked, id=18324, stack(0x000000d7d0b00000,0x000000d7d0c00000) (1024K)]
  0x0000027ff9aef1c0 JavaThread "Unconstrained build operations Thread 17"        [_thread_blocked, id=8576, stack(0x000000d7d0c00000,0x000000d7d0d00000) (1024K)]
  0x0000027ff9aebd40 JavaThread "Unconstrained build operations Thread 18"        [_thread_blocked, id=17108, stack(0x000000d7d0d00000,0x000000d7d0e00000) (1024K)]
  0x0000027ff9aeeb30 JavaThread "Unconstrained build operations Thread 19"        [_thread_blocked, id=17308, stack(0x000000d7d0e00000,0x000000d7d0f00000) (1024K)]
  0x0000027ff9aec3d0 JavaThread "Unconstrained build operations Thread 20"        [_thread_blocked, id=13384, stack(0x000000d7d0f00000,0x000000d7d1000000) (1024K)]
  0x0000027ff9af0570 JavaThread "File lock release action executor Thread 2"        [_thread_blocked, id=11372, stack(0x000000d7d1000000,0x000000d7d1100000) (1024K)]
  0x0000027ff9aef850 JavaThread "Unconstrained build operations Thread 21"        [_thread_blocked, id=1420, stack(0x000000d7d1100000,0x000000d7d1200000) (1024K)]
  0x0000027ff6fce580 JavaThread "Unconstrained build operations Thread 22"        [_thread_blocked, id=8884, stack(0x000000d7d1200000,0x000000d7d1300000) (1024K)]
  0x0000027ff75d5ab0 JavaThread "Unconstrained build operations Thread 23"        [_thread_blocked, id=8592, stack(0x000000d7d1300000,0x000000d7d1400000) (1024K)]
  0x0000027ff75d5420 JavaThread "Unconstrained build operations Thread 24"        [_thread_blocked, id=6016, stack(0x000000d7d1400000,0x000000d7d1500000) (1024K)]
  0x0000027ff75d8f30 JavaThread "Unconstrained build operations Thread 25"        [_thread_blocked, id=6332, stack(0x000000d7d1500000,0x000000d7d1600000) (1024K)]
  0x0000027ff75d4d90 JavaThread "Unconstrained build operations Thread 26"        [_thread_blocked, id=12484, stack(0x000000d7d1600000,0x000000d7d1700000) (1024K)]
  0x0000027ff75d95c0 JavaThread "Unconstrained build operations Thread 27"        [_thread_blocked, id=5488, stack(0x000000d7d1700000,0x000000d7d1800000) (1024K)]
  0x0000027ff75d67d0 JavaThread "Unconstrained build operations Thread 28"        [_thread_blocked, id=8736, stack(0x000000d7d1800000,0x000000d7d1900000) (1024K)]
  0x0000027ff75d4070 JavaThread "Unconstrained build operations Thread 29"        [_thread_blocked, id=11576, stack(0x000000d7d1900000,0x000000d7d1a00000) (1024K)]
  0x0000027ffb304720 JavaThread "build event listener"              [_thread_blocked, id=17600, stack(0x000000d7d1b00000,0x000000d7d1c00000) (1024K)]
  0x0000027ffb302650 JavaThread "build event listener"              [_thread_blocked, id=15192, stack(0x000000d7d1c00000,0x000000d7d1d00000) (1024K)]
  0x0000027fc5045bf0 JavaThread "Problems report writer"            [_thread_blocked, id=18648, stack(0x000000d7d1a00000,0x000000d7d1b00000) (1024K)]
  0x0000027fc5046910 JavaThread "jar transforms"                    [_thread_blocked, id=7532, stack(0x000000d7d1d00000,0x000000d7d1e00000) (1024K)]
  0x0000027ffb3012a0 JavaThread "Unconstrained build operations Thread 30"        [_thread_blocked, id=15180, stack(0x000000d7d1e00000,0x000000d7d1f00000) (1024K)]
  0x0000027ffb760510 JavaThread "Unconstrained build operations Thread 31"        [_thread_blocked, id=7480, stack(0x000000d7d1f00000,0x000000d7d2000000) (1024K)]
  0x0000027ffb75c370 JavaThread "Unconstrained build operations Thread 32"        [_thread_blocked, id=16556, stack(0x000000d7d2000000,0x000000d7d2100000) (1024K)]
  0x0000027ffb760ba0 JavaThread "Unconstrained build operations Thread 33"        [_thread_blocked, id=14536, stack(0x000000d7d2100000,0x000000d7d2200000) (1024K)]
  0x0000027ffb761230 JavaThread "Unconstrained build operations Thread 34"        [_thread_blocked, id=19756, stack(0x000000d7d2200000,0x000000d7d2300000) (1024K)]
  0x0000027ffb7618c0 JavaThread "Unconstrained build operations Thread 35"        [_thread_blocked, id=2060, stack(0x000000d7d2300000,0x000000d7d2400000) (1024K)]
  0x0000027ffb75f7f0 JavaThread "Unconstrained build operations Thread 36"        [_thread_blocked, id=10924, stack(0x000000d7d2400000,0x000000d7d2500000) (1024K)]
  0x0000027ffb75d720 JavaThread "Unconstrained build operations Thread 37"        [_thread_blocked, id=10004, stack(0x000000d7d2500000,0x000000d7d2600000) (1024K)]
  0x0000027ffb75d090 JavaThread "Unconstrained build operations Thread 38"        [_thread_blocked, id=15244, stack(0x000000d7d2600000,0x000000d7d2700000) (1024K)]
  0x0000027ffb762c70 JavaThread "jar transforms Thread 2"           [_thread_blocked, id=11560, stack(0x000000d7d2700000,0x000000d7d2800000) (1024K)]
  0x0000027ff75da2e0 JavaThread "jar transforms Thread 3"           [_thread_blocked, id=15016, stack(0x000000d7d2800000,0x000000d7d2900000) (1024K)]
  0x0000027ff75da970 JavaThread "jar transforms Thread 4"           [_thread_blocked, id=2940, stack(0x000000d7d2900000,0x000000d7d2a00000) (1024K)]
=>0x0000027ffad89b70 JavaThread "C2 CompilerThread1"         daemon [_thread_in_native, id=8028, stack(0x000000d7d2a00000,0x000000d7d2b00000) (1024K)]
Total: 88

Other Threads:
  0x0000027ff1034c90 VMThread "VM Thread"                           [id=5108, stack(0x000000d7cd200000,0x000000d7cd300000) (1024K)]
  0x0000027ff1023e90 WatcherThread "VM Periodic Task Thread"        [id=17136, stack(0x000000d7cd100000,0x000000d7cd200000) (1024K)]
  0x0000027fc8fc8a10 WorkerThread "GC Thread#0"                     [id=16208, stack(0x000000d7ccc00000,0x000000d7ccd00000) (1024K)]
  0x0000027ff13f8660 WorkerThread "GC Thread#1"                     [id=11512, stack(0x000000d7cdd00000,0x000000d7cde00000) (1024K)]
  0x0000027ff13faa20 WorkerThread "GC Thread#2"                     [id=12488, stack(0x000000d7cde00000,0x000000d7cdf00000) (1024K)]
  0x0000027ff1243c30 WorkerThread "GC Thread#3"                     [id=9568, stack(0x000000d7cdf00000,0x000000d7ce000000) (1024K)]
  0x0000027fc8fdaa10 ConcurrentGCThread "G1 Main Marker"            [id=10296, stack(0x000000d7ccd00000,0x000000d7cce00000) (1024K)]
  0x0000027fc8fdb520 WorkerThread "G1 Conc#0"                       [id=18532, stack(0x000000d7cce00000,0x000000d7ccf00000) (1024K)]
  0x0000027ff0ef60e0 ConcurrentGCThread "G1 Refine#0"               [id=17088, stack(0x000000d7ccf00000,0x000000d7cd000000) (1024K)]
  0x0000027ff0ef6ac0 ConcurrentGCThread "G1 Service"                [id=5096, stack(0x000000d7cd000000,0x000000d7cd100000) (1024K)]
Total: 10

Threads with active compile tasks:
C2 CompilerThread0  141350 14702   !   4       java.nio.file.FileTreeWalker::visit (204 bytes)
C2 CompilerThread1  141350 14699   !   4       java.nio.file.FileTreeWalker::next (144 bytes)
Total: 2

VM state: not at safepoint (normal execution)

VM Mutex/Monitor currently owned by a thread: None

Heap address: 0x0000000080000000, size: 2048 MB, Compressed Oops mode: 32-bit

CDS archive(s) mapped at: [0x0000027f80000000-0x0000027f80ba0000-0x0000027f80ba0000), size 12189696, SharedBaseAddress: 0x0000027f80000000, ArchiveRelocationMode: 1.
Compressed class space mapped at: 0x0000027f81000000-0x0000027fc1000000, reserved size: 1073741824
Narrow klass base: 0x0000027f80000000, Narrow klass shift: 0, Narrow klass range: 0x100000000

GC Precious Log:
 CardTable entry size: 512
 Card Set container configuration: InlinePtr #cards 5 size 8 Array Of Cards #cards 12 size 40 Howl #buckets 4 coarsen threshold 1843 Howl Bitmap #cards 512 size 80 coarsen threshold 460 Card regions per heap region 1 cards per card region 2048
 CPUs: 4 total, 4 available
 Memory: 8026M
 Large Page Support: Disabled
 NUMA Support: Disabled
 Compressed Oops: Enabled (32-bit)
 Heap Region Size: 1M
 Heap Min Capacity: 8M
 Heap Initial Capacity: 126M
 Heap Max Capacity: 2G
 Pre-touch: Disabled
 Parallel Workers: 4
 Concurrent Workers: 1
 Concurrent Refinement Workers: 4
 Periodic GC: Disabled

Heap:
 garbage-first heap   total 204800K, used 150982K [0x0000000080000000, 0x0000000100000000)
  region size 1024K, 20 young (20480K), 8 survivors (8192K)
 Metaspace       used 105924K, committed 108480K, reserved 1179648K
  class space    used 15250K, committed 16512K, reserved 1048576K

Heap Regions: E=young(eden), S=young(survivor), O=old, HS=humongous(starts), HC=humongous(continues), CS=collection set, F=free, TAMS=top-at-mark-start, PB=parsable bottom
|   0|0x0000000080000000, 0x0000000080100000, 0x0000000080100000|100%|HS|  |TAMS 0x0000000080000000| PB 0x0000000080000000| Complete 
|   1|0x0000000080100000, 0x0000000080200000, 0x0000000080200000|100%|HC|  |TAMS 0x0000000080100000| PB 0x0000000080100000| Complete 
|   2|0x0000000080200000, 0x0000000080300000, 0x0000000080300000|100%|HC|  |TAMS 0x0000000080200000| PB 0x0000000080200000| Complete 
|   3|0x0000000080300000, 0x0000000080400000, 0x0000000080400000|100%| O|  |TAMS 0x0000000080300000| PB 0x0000000080300000| Untracked 
|   4|0x0000000080400000, 0x0000000080500000, 0x0000000080500000|100%| O|  |TAMS 0x0000000080400000| PB 0x0000000080400000| Untracked 
|   5|0x0000000080500000, 0x0000000080600000, 0x0000000080600000|100%| O|  |TAMS 0x0000000080500000| PB 0x0000000080500000| Untracked 
|   6|0x0000000080600000, 0x0000000080700000, 0x0000000080700000|100%| O|  |TAMS 0x0000000080600000| PB 0x0000000080600000| Untracked 
|   7|0x0000000080700000, 0x0000000080800000, 0x0000000080800000|100%|HS|  |TAMS 0x0000000080700000| PB 0x0000000080700000| Complete 
|   8|0x0000000080800000, 0x0000000080900000, 0x0000000080900000|100%| O|  |TAMS 0x0000000080800000| PB 0x0000000080800000| Untracked 
|   9|0x0000000080900000, 0x0000000080a00000, 0x0000000080a00000|100%| O|  |TAMS 0x0000000080900000| PB 0x0000000080900000| Untracked 
|  10|0x0000000080a00000, 0x0000000080b00000, 0x0000000080b00000|100%| O|  |TAMS 0x0000000080a00000| PB 0x0000000080a00000| Untracked 
|  11|0x0000000080b00000, 0x0000000080c00000, 0x0000000080c00000|100%| O|  |TAMS 0x0000000080b00000| PB 0x0000000080b00000| Untracked 
|  12|0x0000000080c00000, 0x0000000080d00000, 0x0000000080d00000|100%| O|  |TAMS 0x0000000080c00000| PB 0x0000000080c00000| Untracked 
|  13|0x0000000080d00000, 0x0000000080e00000, 0x0000000080e00000|100%| O|  |TAMS 0x0000000080d00000| PB 0x0000000080d00000| Untracked 
|  14|0x0000000080e00000, 0x0000000080f00000, 0x0000000080f00000|100%| O|  |TAMS 0x0000000080e00000| PB 0x0000000080e00000| Untracked 
|  15|0x0000000080f00000, 0x0000000081000000, 0x0000000081000000|100%| O|  |TAMS 0x0000000080f00000| PB 0x0000000080f00000| Untracked 
|  16|0x0000000081000000, 0x0000000081100000, 0x0000000081100000|100%| O|  |TAMS 0x0000000081000000| PB 0x0000000081000000| Untracked 
|  17|0x0000000081100000, 0x0000000081200000, 0x0000000081200000|100%| O|  |TAMS 0x0000000081100000| PB 0x0000000081100000| Untracked 
|  18|0x0000000081200000, 0x0000000081300000, 0x0000000081300000|100%| O|  |TAMS 0x0000000081200000| PB 0x0000000081200000| Untracked 
|  19|0x0000000081300000, 0x0000000081400000, 0x0000000081400000|100%| O|  |TAMS 0x0000000081300000| PB 0x0000000081300000| Untracked 
|  20|0x0000000081400000, 0x0000000081500000, 0x0000000081500000|100%| O|  |TAMS 0x0000000081400000| PB 0x0000000081400000| Untracked 
|  21|0x0000000081500000, 0x0000000081600000, 0x0000000081600000|100%| O|  |TAMS 0x0000000081500000| PB 0x0000000081500000| Untracked 
|  22|0x0000000081600000, 0x0000000081700000, 0x0000000081700000|100%| O|  |TAMS 0x0000000081600000| PB 0x0000000081600000| Untracked 
|  23|0x0000000081700000, 0x0000000081800000, 0x0000000081800000|100%| O|  |TAMS 0x0000000081700000| PB 0x0000000081700000| Untracked 
|  24|0x0000000081800000, 0x0000000081900000, 0x0000000081900000|100%| O|  |TAMS 0x0000000081800000| PB 0x0000000081800000| Untracked 
|  25|0x0000000081900000, 0x0000000081a00000, 0x0000000081a00000|100%| O|  |TAMS 0x0000000081900000| PB 0x0000000081900000| Untracked 
|  26|0x0000000081a00000, 0x0000000081b00000, 0x0000000081b00000|100%| O|  |TAMS 0x0000000081a00000| PB 0x0000000081a00000| Untracked 
|  27|0x0000000081b00000, 0x0000000081c00000, 0x0000000081c00000|100%| O|  |TAMS 0x0000000081b00000| PB 0x0000000081b00000| Untracked 
|  28|0x0000000081c00000, 0x0000000081d00000, 0x0000000081d00000|100%| O|  |TAMS 0x0000000081c00000| PB 0x0000000081c00000| Untracked 
|  29|0x0000000081d00000, 0x0000000081e00000, 0x0000000081e00000|100%| O|  |TAMS 0x0000000081d00000| PB 0x0000000081d00000| Untracked 
|  30|0x0000000081e00000, 0x0000000081f00000, 0x0000000081f00000|100%| O|  |TAMS 0x0000000081e00000| PB 0x0000000081e00000| Untracked 
|  31|0x0000000081f00000, 0x0000000082000000, 0x0000000082000000|100%| O|  |TAMS 0x0000000081f00000| PB 0x0000000081f00000| Untracked 
|  32|0x0000000082000000, 0x0000000082100000, 0x0000000082100000|100%| O|  |TAMS 0x0000000082000000| PB 0x0000000082000000| Untracked 
|  33|0x0000000082100000, 0x0000000082200000, 0x0000000082200000|100%| O|  |TAMS 0x0000000082100000| PB 0x0000000082100000| Untracked 
|  34|0x0000000082200000, 0x0000000082300000, 0x0000000082300000|100%| O|  |TAMS 0x0000000082200000| PB 0x0000000082200000| Untracked 
|  35|0x0000000082300000, 0x0000000082400000, 0x0000000082400000|100%|HS|  |TAMS 0x0000000082300000| PB 0x0000000082300000| Complete 
|  36|0x0000000082400000, 0x0000000082500000, 0x0000000082500000|100%|HC|  |TAMS 0x0000000082400000| PB 0x0000000082400000| Complete 
|  37|0x0000000082500000, 0x0000000082600000, 0x0000000082600000|100%| O|  |TAMS 0x0000000082500000| PB 0x0000000082500000| Untracked 
|  38|0x0000000082600000, 0x0000000082700000, 0x0000000082700000|100%|HS|  |TAMS 0x0000000082600000| PB 0x0000000082600000| Complete 
|  39|0x0000000082700000, 0x0000000082800000, 0x0000000082800000|100%|HC|  |TAMS 0x0000000082700000| PB 0x0000000082700000| Complete 
|  40|0x0000000082800000, 0x0000000082900000, 0x0000000082900000|100%| O|  |TAMS 0x0000000082800000| PB 0x0000000082800000| Untracked 
|  41|0x0000000082900000, 0x0000000082a00000, 0x0000000082a00000|100%| O|  |TAMS 0x0000000082900000| PB 0x0000000082900000| Untracked 
|  42|0x0000000082a00000, 0x0000000082b00000, 0x0000000082b00000|100%| O|  |TAMS 0x0000000082a00000| PB 0x0000000082a00000| Untracked 
|  43|0x0000000082b00000, 0x0000000082c00000, 0x0000000082c00000|100%| O|  |TAMS 0x0000000082b00000| PB 0x0000000082b00000| Untracked 
|  44|0x0000000082c00000, 0x0000000082d00000, 0x0000000082d00000|100%| O|  |TAMS 0x0000000082c00000| PB 0x0000000082c00000| Untracked 
|  45|0x0000000082d00000, 0x0000000082e00000, 0x0000000082e00000|100%| O|  |TAMS 0x0000000082d00000| PB 0x0000000082d00000| Untracked 
|  46|0x0000000082e00000, 0x0000000082f00000, 0x0000000082f00000|100%| O|  |TAMS 0x0000000082e00000| PB 0x0000000082e00000| Untracked 
|  47|0x0000000082f00000, 0x0000000083000000, 0x0000000083000000|100%| O|  |TAMS 0x0000000082f00000| PB 0x0000000082f00000| Untracked 
|  48|0x0000000083000000, 0x0000000083100000, 0x0000000083100000|100%|HS|  |TAMS 0x0000000083000000| PB 0x0000000083000000| Complete 
|  49|0x0000000083100000, 0x0000000083200000, 0x0000000083200000|100%| O|  |TAMS 0x0000000083100000| PB 0x0000000083100000| Untracked 
|  50|0x0000000083200000, 0x0000000083300000, 0x0000000083300000|100%| O|  |TAMS 0x0000000083200000| PB 0x0000000083200000| Untracked 
|  51|0x0000000083300000, 0x0000000083400000, 0x0000000083400000|100%| O|  |TAMS 0x0000000083300000| PB 0x0000000083300000| Untracked 
|  52|0x0000000083400000, 0x0000000083500000, 0x0000000083500000|100%| O|  |TAMS 0x0000000083400000| PB 0x0000000083400000| Untracked 
|  53|0x0000000083500000, 0x0000000083600000, 0x0000000083600000|100%| O|  |TAMS 0x0000000083500000| PB 0x0000000083500000| Untracked 
|  54|0x0000000083600000, 0x0000000083700000, 0x0000000083700000|100%| O|  |TAMS 0x0000000083600000| PB 0x0000000083600000| Untracked 
|  55|0x0000000083700000, 0x0000000083800000, 0x0000000083800000|100%| O|  |TAMS 0x0000000083700000| PB 0x0000000083700000| Untracked 
|  56|0x0000000083800000, 0x0000000083900000, 0x0000000083900000|100%| O|  |TAMS 0x0000000083800000| PB 0x0000000083800000| Untracked 
|  57|0x0000000083900000, 0x0000000083a00000, 0x0000000083a00000|100%| O|  |TAMS 0x0000000083900000| PB 0x0000000083900000| Untracked 
|  58|0x0000000083a00000, 0x0000000083b00000, 0x0000000083b00000|100%| O|  |TAMS 0x0000000083a00000| PB 0x0000000083a00000| Untracked 
|  59|0x0000000083b00000, 0x0000000083c00000, 0x0000000083c00000|100%| O|  |TAMS 0x0000000083b00000| PB 0x0000000083b00000| Untracked 
|  60|0x0000000083c00000, 0x0000000083d00000, 0x0000000083d00000|100%|HS|  |TAMS 0x0000000083c00000| PB 0x0000000083c00000| Complete 
|  61|0x0000000083d00000, 0x0000000083e00000, 0x0000000083e00000|100%| O|  |TAMS 0x0000000083d00000| PB 0x0000000083d00000| Untracked 
|  62|0x0000000083e00000, 0x0000000083f00000, 0x0000000083f00000|100%|HS|  |TAMS 0x0000000083e00000| PB 0x0000000083e00000| Complete 
|  63|0x0000000083f00000, 0x0000000084000000, 0x0000000084000000|100%|HS|  |TAMS 0x0000000083f00000| PB 0x0000000083f00000| Complete 
|  64|0x0000000084000000, 0x0000000084100000, 0x0000000084100000|100%|HC|  |TAMS 0x0000000084000000| PB 0x0000000084000000| Complete 
|  65|0x0000000084100000, 0x0000000084200000, 0x0000000084200000|100%|HS|  |TAMS 0x0000000084100000| PB 0x0000000084100000| Complete 
|  66|0x0000000084200000, 0x0000000084300000, 0x0000000084300000|100%|HS|  |TAMS 0x0000000084200000| PB 0x0000000084200000| Complete 
|  67|0x0000000084300000, 0x0000000084400000, 0x0000000084400000|100%|HC|  |TAMS 0x0000000084300000| PB 0x0000000084300000| Complete 
|  68|0x0000000084400000, 0x0000000084500000, 0x0000000084500000|100%|HS|  |TAMS 0x0000000084400000| PB 0x0000000084400000| Complete 
|  69|0x0000000084500000, 0x0000000084600000, 0x0000000084600000|100%| O|  |TAMS 0x0000000084500000| PB 0x0000000084500000| Untracked 
|  70|0x0000000084600000, 0x0000000084700000, 0x0000000084700000|100%|HS|  |TAMS 0x0000000084600000| PB 0x0000000084600000| Complete 
|  71|0x0000000084700000, 0x0000000084800000, 0x0000000084800000|100%| O|  |TAMS 0x0000000084700000| PB 0x0000000084700000| Untracked 
|  72|0x0000000084800000, 0x0000000084900000, 0x0000000084900000|100%| O|  |TAMS 0x0000000084800000| PB 0x0000000084800000| Untracked 
|  73|0x0000000084900000, 0x0000000084a00000, 0x0000000084a00000|100%|HS|  |TAMS 0x0000000084900000| PB 0x0000000084900000| Complete 
|  74|0x0000000084a00000, 0x0000000084b00000, 0x0000000084b00000|100%| O|  |TAMS 0x0000000084a00000| PB 0x0000000084a00000| Untracked 
|  75|0x0000000084b00000, 0x0000000084c00000, 0x0000000084c00000|100%| O|  |TAMS 0x0000000084b00000| PB 0x0000000084b00000| Untracked 
|  76|0x0000000084c00000, 0x0000000084d00000, 0x0000000084d00000|100%| O|  |TAMS 0x0000000084c00000| PB 0x0000000084c00000| Untracked 
|  77|0x0000000084d00000, 0x0000000084e00000, 0x0000000084e00000|100%| O|  |TAMS 0x0000000084d00000| PB 0x0000000084d00000| Untracked 
|  78|0x0000000084e00000, 0x0000000084f00000, 0x0000000084f00000|100%| O|  |TAMS 0x0000000084e00000| PB 0x0000000084e00000| Untracked 
|  79|0x0000000084f00000, 0x0000000085000000, 0x0000000085000000|100%| O|  |TAMS 0x0000000084f00000| PB 0x0000000084f00000| Untracked 
|  80|0x0000000085000000, 0x0000000085100000, 0x0000000085100000|100%|HS|  |TAMS 0x0000000085000000| PB 0x0000000085000000| Complete 
|  81|0x0000000085100000, 0x0000000085200000, 0x0000000085200000|100%| O|  |TAMS 0x0000000085100000| PB 0x0000000085100000| Untracked 
|  82|0x0000000085200000, 0x0000000085300000, 0x0000000085300000|100%| O|  |TAMS 0x0000000085200000| PB 0x0000000085200000| Untracked 
|  83|0x0000000085300000, 0x0000000085300000, 0x0000000085400000|  0%| F|  |TAMS 0x0000000085300000| PB 0x0000000085300000| Untracked 
|  84|0x0000000085400000, 0x0000000085500000, 0x0000000085500000|100%| O|  |TAMS 0x0000000085400000| PB 0x0000000085400000| Untracked 
|  85|0x0000000085500000, 0x0000000085600000, 0x0000000085600000|100%| O|  |TAMS 0x0000000085500000| PB 0x0000000085500000| Untracked 
|  86|0x0000000085600000, 0x0000000085700000, 0x0000000085700000|100%| O|  |TAMS 0x0000000085600000| PB 0x0000000085600000| Untracked 
|  87|0x0000000085700000, 0x0000000085800000, 0x0000000085800000|100%| O|  |TAMS 0x0000000085700000| PB 0x0000000085700000| Untracked 
|  88|0x0000000085800000, 0x0000000085900000, 0x0000000085900000|100%| O|  |TAMS 0x0000000085800000| PB 0x0000000085800000| Untracked 
|  89|0x0000000085900000, 0x0000000085a00000, 0x0000000085a00000|100%| O|  |TAMS 0x0000000085900000| PB 0x0000000085900000| Untracked 
|  90|0x0000000085a00000, 0x0000000085b00000, 0x0000000085b00000|100%| O|  |TAMS 0x0000000085a00000| PB 0x0000000085a00000| Untracked 
|  91|0x0000000085b00000, 0x0000000085c00000, 0x0000000085c00000|100%|HS|  |TAMS 0x0000000085b00000| PB 0x0000000085b00000| Complete 
|  92|0x0000000085c00000, 0x0000000085d00000, 0x0000000085d00000|100%| O|  |TAMS 0x0000000085c00000| PB 0x0000000085c00000| Untracked 
|  93|0x0000000085d00000, 0x0000000085e00000, 0x0000000085e00000|100%| O|  |TAMS 0x0000000085d00000| PB 0x0000000085d00000| Untracked 
|  94|0x0000000085e00000, 0x0000000085f00000, 0x0000000085f00000|100%| O|  |TAMS 0x0000000085e00000| PB 0x0000000085e00000| Untracked 
|  95|0x0000000085f00000, 0x0000000086000000, 0x0000000086000000|100%| O|  |TAMS 0x0000000085f00000| PB 0x0000000085f00000| Untracked 
|  96|0x0000000086000000, 0x0000000086100000, 0x0000000086100000|100%| O|  |TAMS 0x0000000086000000| PB 0x0000000086000000| Untracked 
|  97|0x0000000086100000, 0x0000000086100000, 0x0000000086200000|  0%| F|  |TAMS 0x0000000086100000| PB 0x0000000086100000| Untracked 
|  98|0x0000000086200000, 0x0000000086300000, 0x0000000086300000|100%| O|  |TAMS 0x0000000086200000| PB 0x0000000086200000| Untracked 
|  99|0x0000000086300000, 0x0000000086400000, 0x0000000086400000|100%| O|  |TAMS 0x0000000086300000| PB 0x0000000086300000| Untracked 
| 100|0x0000000086400000, 0x0000000086500000, 0x0000000086500000|100%| O|  |TAMS 0x0000000086400000| PB 0x0000000086400000| Untracked 
| 101|0x0000000086500000, 0x0000000086600000, 0x0000000086600000|100%| O|  |TAMS 0x0000000086500000| PB 0x0000000086500000| Untracked 
| 102|0x0000000086600000, 0x0000000086700000, 0x0000000086700000|100%| O|  |TAMS 0x0000000086600000| PB 0x0000000086600000| Untracked 
| 103|0x0000000086700000, 0x0000000086800000, 0x0000000086800000|100%| O|  |TAMS 0x0000000086700000| PB 0x0000000086700000| Untracked 
| 104|0x0000000086800000, 0x0000000086900000, 0x0000000086900000|100%| O|  |TAMS 0x0000000086800000| PB 0x0000000086800000| Untracked 
| 105|0x0000000086900000, 0x0000000086a00000, 0x0000000086a00000|100%| O|  |TAMS 0x0000000086900000| PB 0x0000000086900000| Untracked 
| 106|0x0000000086a00000, 0x0000000086b00000, 0x0000000086b00000|100%| O|  |TAMS 0x0000000086a00000| PB 0x0000000086a00000| Untracked 
| 107|0x0000000086b00000, 0x0000000086c00000, 0x0000000086c00000|100%| O|  |TAMS 0x0000000086b00000| PB 0x0000000086b00000| Untracked 
| 108|0x0000000086c00000, 0x0000000086d00000, 0x0000000086d00000|100%| O|  |TAMS 0x0000000086c00000| PB 0x0000000086c00000| Untracked 
| 109|0x0000000086d00000, 0x0000000086e00000, 0x0000000086e00000|100%| O|  |TAMS 0x0000000086d00000| PB 0x0000000086d00000| Untracked 
| 110|0x0000000086e00000, 0x0000000086f00000, 0x0000000086f00000|100%| O|  |TAMS 0x0000000086e00000| PB 0x0000000086e00000| Untracked 
| 111|0x0000000086f00000, 0x0000000087000000, 0x0000000087000000|100%| O|  |TAMS 0x0000000086f00000| PB 0x0000000086f00000| Untracked 
| 112|0x0000000087000000, 0x0000000087100000, 0x0000000087100000|100%| O|  |TAMS 0x0000000087000000| PB 0x0000000087000000| Untracked 
| 113|0x0000000087100000, 0x0000000087200000, 0x0000000087200000|100%| O|  |TAMS 0x0000000087100000| PB 0x0000000087100000| Untracked 
| 114|0x0000000087200000, 0x0000000087300000, 0x0000000087300000|100%| O|  |TAMS 0x0000000087200000| PB 0x0000000087200000| Untracked 
| 115|0x0000000087300000, 0x0000000087400000, 0x0000000087400000|100%| O|  |TAMS 0x0000000087300000| PB 0x0000000087300000| Untracked 
| 116|0x0000000087400000, 0x0000000087500000, 0x0000000087500000|100%| O|  |TAMS 0x0000000087400000| PB 0x0000000087400000| Untracked 
| 117|0x0000000087500000, 0x0000000087600000, 0x0000000087600000|100%| O|  |TAMS 0x0000000087500000| PB 0x0000000087500000| Untracked 
| 118|0x0000000087600000, 0x0000000087700000, 0x0000000087700000|100%| O|  |TAMS 0x0000000087600000| PB 0x0000000087600000| Untracked 
| 119|0x0000000087700000, 0x0000000087800000, 0x0000000087800000|100%| O|  |TAMS 0x0000000087700000| PB 0x0000000087700000| Untracked 
| 120|0x0000000087800000, 0x0000000087900000, 0x0000000087900000|100%| O|  |TAMS 0x0000000087800000| PB 0x0000000087800000| Untracked 
| 121|0x0000000087900000, 0x0000000087a00000, 0x0000000087a00000|100%| O|  |TAMS 0x0000000087900000| PB 0x0000000087900000| Untracked 
| 122|0x0000000087a00000, 0x0000000087b00000, 0x0000000087b00000|100%| O|  |TAMS 0x0000000087a00000| PB 0x0000000087a00000| Untracked 
| 123|0x0000000087b00000, 0x0000000087c00000, 0x0000000087c00000|100%| O|  |TAMS 0x0000000087b00000| PB 0x0000000087b00000| Untracked 
| 124|0x0000000087c00000, 0x0000000087d00000, 0x0000000087d00000|100%| O|  |TAMS 0x0000000087c00000| PB 0x0000000087c00000| Untracked 
| 125|0x0000000087d00000, 0x0000000087e00000, 0x0000000087e00000|100%| O|  |TAMS 0x0000000087d00000| PB 0x0000000087d00000| Untracked 
| 126|0x0000000087e00000, 0x0000000087f00000, 0x0000000087f00000|100%| S|CS|TAMS 0x0000000087e00000| PB 0x0000000087e00000| Complete 
| 127|0x0000000087f00000, 0x0000000088000000, 0x0000000088000000|100%| S|CS|TAMS 0x0000000087f00000| PB 0x0000000087f00000| Complete 
| 128|0x0000000088000000, 0x0000000088100000, 0x0000000088100000|100%| S|CS|TAMS 0x0000000088000000| PB 0x0000000088000000| Complete 
| 129|0x0000000088100000, 0x0000000088200000, 0x0000000088200000|100%| S|CS|TAMS 0x0000000088100000| PB 0x0000000088100000| Complete 
| 130|0x0000000088200000, 0x0000000088300000, 0x0000000088300000|100%| S|CS|TAMS 0x0000000088200000| PB 0x0000000088200000| Complete 
| 131|0x0000000088300000, 0x0000000088400000, 0x0000000088400000|100%| S|CS|TAMS 0x0000000088300000| PB 0x0000000088300000| Complete 
| 132|0x0000000088400000, 0x0000000088500000, 0x0000000088500000|100%| S|CS|TAMS 0x0000000088400000| PB 0x0000000088400000| Complete 
| 133|0x0000000088500000, 0x0000000088600000, 0x0000000088600000|100%| S|CS|TAMS 0x0000000088500000| PB 0x0000000088500000| Complete 
| 134|0x0000000088600000, 0x0000000088600000, 0x0000000088700000|  0%| F|  |TAMS 0x0000000088600000| PB 0x0000000088600000| Untracked 
| 135|0x0000000088700000, 0x0000000088700000, 0x0000000088800000|  0%| F|  |TAMS 0x0000000088700000| PB 0x0000000088700000| Untracked 
| 136|0x0000000088800000, 0x0000000088800000, 0x0000000088900000|  0%| F|  |TAMS 0x0000000088800000| PB 0x0000000088800000| Untracked 
| 137|0x0000000088900000, 0x0000000088900000, 0x0000000088a00000|  0%| F|  |TAMS 0x0000000088900000| PB 0x0000000088900000| Untracked 
| 138|0x0000000088a00000, 0x0000000088a00000, 0x0000000088b00000|  0%| F|  |TAMS 0x0000000088a00000| PB 0x0000000088a00000| Untracked 
| 139|0x0000000088b00000, 0x0000000088b00000, 0x0000000088c00000|  0%| F|  |TAMS 0x0000000088b00000| PB 0x0000000088b00000| Untracked 
| 140|0x0000000088c00000, 0x0000000088c00000, 0x0000000088d00000|  0%| F|  |TAMS 0x0000000088c00000| PB 0x0000000088c00000| Untracked 
| 141|0x0000000088d00000, 0x0000000088d00000, 0x0000000088e00000|  0%| F|  |TAMS 0x0000000088d00000| PB 0x0000000088d00000| Untracked 
| 142|0x0000000088e00000, 0x0000000088e00000, 0x0000000088f00000|  0%| F|  |TAMS 0x0000000088e00000| PB 0x0000000088e00000| Untracked 
| 143|0x0000000088f00000, 0x0000000088f00000, 0x0000000089000000|  0%| F|  |TAMS 0x0000000088f00000| PB 0x0000000088f00000| Untracked 
| 144|0x0000000089000000, 0x0000000089000000, 0x0000000089100000|  0%| F|  |TAMS 0x0000000089000000| PB 0x0000000089000000| Untracked 
| 145|0x0000000089100000, 0x0000000089100000, 0x0000000089200000|  0%| F|  |TAMS 0x0000000089100000| PB 0x0000000089100000| Untracked 
| 146|0x0000000089200000, 0x0000000089200000, 0x0000000089300000|  0%| F|  |TAMS 0x0000000089200000| PB 0x0000000089200000| Untracked 
| 147|0x0000000089300000, 0x0000000089300000, 0x0000000089400000|  0%| F|  |TAMS 0x0000000089300000| PB 0x0000000089300000| Untracked 
| 148|0x0000000089400000, 0x0000000089400000, 0x0000000089500000|  0%| F|  |TAMS 0x0000000089400000| PB 0x0000000089400000| Untracked 
| 149|0x0000000089500000, 0x0000000089500000, 0x0000000089600000|  0%| F|  |TAMS 0x0000000089500000| PB 0x0000000089500000| Untracked 
| 150|0x0000000089600000, 0x0000000089600000, 0x0000000089700000|  0%| F|  |TAMS 0x0000000089600000| PB 0x0000000089600000| Untracked 
| 151|0x0000000089700000, 0x0000000089700000, 0x0000000089800000|  0%| F|  |TAMS 0x0000000089700000| PB 0x0000000089700000| Untracked 
| 152|0x0000000089800000, 0x0000000089800000, 0x0000000089900000|  0%| F|  |TAMS 0x0000000089800000| PB 0x0000000089800000| Untracked 
| 153|0x0000000089900000, 0x0000000089900000, 0x0000000089a00000|  0%| F|  |TAMS 0x0000000089900000| PB 0x0000000089900000| Untracked 
| 154|0x0000000089a00000, 0x0000000089a00000, 0x0000000089b00000|  0%| F|  |TAMS 0x0000000089a00000| PB 0x0000000089a00000| Untracked 
| 155|0x0000000089b00000, 0x0000000089b00000, 0x0000000089c00000|  0%| F|  |TAMS 0x0000000089b00000| PB 0x0000000089b00000| Untracked 
| 156|0x0000000089c00000, 0x0000000089c00000, 0x0000000089d00000|  0%| F|  |TAMS 0x0000000089c00000| PB 0x0000000089c00000| Untracked 
| 157|0x0000000089d00000, 0x0000000089d00000, 0x0000000089e00000|  0%| F|  |TAMS 0x0000000089d00000| PB 0x0000000089d00000| Untracked 
| 158|0x0000000089e00000, 0x0000000089e00000, 0x0000000089f00000|  0%| F|  |TAMS 0x0000000089e00000| PB 0x0000000089e00000| Untracked 
| 159|0x0000000089f00000, 0x0000000089f00000, 0x000000008a000000|  0%| F|  |TAMS 0x0000000089f00000| PB 0x0000000089f00000| Untracked 
| 160|0x000000008a000000, 0x000000008a000000, 0x000000008a100000|  0%| F|  |TAMS 0x000000008a000000| PB 0x000000008a000000| Untracked 
| 161|0x000000008a100000, 0x000000008a100000, 0x000000008a200000|  0%| F|  |TAMS 0x000000008a100000| PB 0x000000008a100000| Untracked 
| 162|0x000000008a200000, 0x000000008a200000, 0x000000008a300000|  0%| F|  |TAMS 0x000000008a200000| PB 0x000000008a200000| Untracked 
| 163|0x000000008a300000, 0x000000008a300000, 0x000000008a400000|  0%| F|  |TAMS 0x000000008a300000| PB 0x000000008a300000| Untracked 
| 164|0x000000008a400000, 0x000000008a400000, 0x000000008a500000|  0%| F|  |TAMS 0x000000008a400000| PB 0x000000008a400000| Untracked 
| 165|0x000000008a500000, 0x000000008a500000, 0x000000008a600000|  0%| F|  |TAMS 0x000000008a500000| PB 0x000000008a500000| Untracked 
| 166|0x000000008a600000, 0x000000008a600000, 0x000000008a700000|  0%| F|  |TAMS 0x000000008a600000| PB 0x000000008a600000| Untracked 
| 167|0x000000008a700000, 0x000000008a700000, 0x000000008a800000|  0%| F|  |TAMS 0x000000008a700000| PB 0x000000008a700000| Untracked 
| 168|0x000000008a800000, 0x000000008a800000, 0x000000008a900000|  0%| F|  |TAMS 0x000000008a800000| PB 0x000000008a800000| Untracked 
| 169|0x000000008a900000, 0x000000008a900000, 0x000000008aa00000|  0%| F|  |TAMS 0x000000008a900000| PB 0x000000008a900000| Untracked 
| 170|0x000000008aa00000, 0x000000008aa00000, 0x000000008ab00000|  0%| F|  |TAMS 0x000000008aa00000| PB 0x000000008aa00000| Untracked 
| 171|0x000000008ab00000, 0x000000008ab00000, 0x000000008ac00000|  0%| F|  |TAMS 0x000000008ab00000| PB 0x000000008ab00000| Untracked 
| 172|0x000000008ac00000, 0x000000008ac00000, 0x000000008ad00000|  0%| F|  |TAMS 0x000000008ac00000| PB 0x000000008ac00000| Untracked 
| 173|0x000000008ad00000, 0x000000008ad00000, 0x000000008ae00000|  0%| F|  |TAMS 0x000000008ad00000| PB 0x000000008ad00000| Untracked 
| 174|0x000000008ae00000, 0x000000008ae00000, 0x000000008af00000|  0%| F|  |TAMS 0x000000008ae00000| PB 0x000000008ae00000| Untracked 
| 175|0x000000008af00000, 0x000000008af00000, 0x000000008b000000|  0%| F|  |TAMS 0x000000008af00000| PB 0x000000008af00000| Untracked 
| 176|0x000000008b000000, 0x000000008b000000, 0x000000008b100000|  0%| F|  |TAMS 0x000000008b000000| PB 0x000000008b000000| Untracked 
| 177|0x000000008b100000, 0x000000008b100000, 0x000000008b200000|  0%| F|  |TAMS 0x000000008b100000| PB 0x000000008b100000| Untracked 
| 178|0x000000008b200000, 0x000000008b200000, 0x000000008b300000|  0%| F|  |TAMS 0x000000008b200000| PB 0x000000008b200000| Untracked 
| 179|0x000000008b300000, 0x000000008b300000, 0x000000008b400000|  0%| F|  |TAMS 0x000000008b300000| PB 0x000000008b300000| Untracked 
| 180|0x000000008b400000, 0x000000008b400000, 0x000000008b500000|  0%| F|  |TAMS 0x000000008b400000| PB 0x000000008b400000| Untracked 
| 181|0x000000008b500000, 0x000000008b500000, 0x000000008b600000|  0%| F|  |TAMS 0x000000008b500000| PB 0x000000008b500000| Untracked 
| 182|0x000000008b600000, 0x000000008b680000, 0x000000008b700000| 50%| E|  |TAMS 0x000000008b600000| PB 0x000000008b600000| Complete 
| 183|0x000000008b700000, 0x000000008b800000, 0x000000008b800000|100%| E|CS|TAMS 0x000000008b700000| PB 0x000000008b700000| Complete 
| 184|0x000000008b800000, 0x000000008b900000, 0x000000008b900000|100%| E|CS|TAMS 0x000000008b800000| PB 0x000000008b800000| Complete 
| 185|0x000000008b900000, 0x000000008ba00000, 0x000000008ba00000|100%| E|CS|TAMS 0x000000008b900000| PB 0x000000008b900000| Complete 
| 186|0x000000008ba00000, 0x000000008bb00000, 0x000000008bb00000|100%| E|CS|TAMS 0x000000008ba00000| PB 0x000000008ba00000| Complete 
| 187|0x000000008bb00000, 0x000000008bc00000, 0x000000008bc00000|100%| E|CS|TAMS 0x000000008bb00000| PB 0x000000008bb00000| Complete 
| 188|0x000000008bc00000, 0x000000008bd00000, 0x000000008bd00000|100%| E|CS|TAMS 0x000000008bc00000| PB 0x000000008bc00000| Complete 
|2037|0x00000000ff500000, 0x00000000ff571ba8, 0x00000000ff600000| 44%| O|  |TAMS 0x00000000ff500000| PB 0x00000000ff500000| Untracked 
|2038|0x00000000ff600000, 0x00000000ff700000, 0x00000000ff700000|100%| O|  |TAMS 0x00000000ff600000| PB 0x00000000ff600000| Untracked 
|2039|0x00000000ff700000, 0x00000000ff800000, 0x00000000ff800000|100%| O|  |TAMS 0x00000000ff700000| PB 0x00000000ff700000| Untracked 
|2040|0x00000000ff800000, 0x00000000ff900000, 0x00000000ff900000|100%| E|CS|TAMS 0x00000000ff800000| PB 0x00000000ff800000| Complete 
|2041|0x00000000ff900000, 0x00000000ffa00000, 0x00000000ffa00000|100%| O|  |TAMS 0x00000000ff900000| PB 0x00000000ff900000| Untracked 
|2042|0x00000000ffa00000, 0x00000000ffb00000, 0x00000000ffb00000|100%| O|  |TAMS 0x00000000ffa00000| PB 0x00000000ffa00000| Untracked 
|2043|0x00000000ffb00000, 0x00000000ffc00000, 0x00000000ffc00000|100%| E|CS|TAMS 0x00000000ffb00000| PB 0x00000000ffb00000| Complete 
|2044|0x00000000ffc00000, 0x00000000ffd00000, 0x00000000ffd00000|100%| E|CS|TAMS 0x00000000ffc00000| PB 0x00000000ffc00000| Complete 
|2045|0x00000000ffd00000, 0x00000000ffe00000, 0x00000000ffe00000|100%| E|CS|TAMS 0x00000000ffd00000| PB 0x00000000ffd00000| Complete 
|2046|0x00000000ffe00000, 0x00000000fff00000, 0x00000000fff00000|100%| E|CS|TAMS 0x00000000ffe00000| PB 0x00000000ffe00000| Complete 
|2047|0x00000000fff00000, 0x0000000100000000, 0x0000000100000000|100%| E|CS|TAMS 0x00000000fff00000| PB 0x00000000fff00000| Complete 

Card table byte_map: [0x0000027fec690000,0x0000027feca90000] _byte_map_base: 0x0000027fec290000

Marking Bits: (CMBitMap*) 0x0000027fc8fca130
 Bits: [0x0000027feca90000, 0x0000027feea90000)

Polling page: 0x0000027fc6f30000

Metaspace:

Usage:
  Non-class:     88.55 MB used.
      Class:     14.89 MB used.
       Both:    103.44 MB used.

Virtual space:
  Non-class space:      128.00 MB reserved,      89.81 MB ( 70%) committed,  2 nodes.
      Class space:        1.00 GB reserved,      16.12 MB (  2%) committed,  1 nodes.
             Both:        1.12 GB reserved,     105.94 MB (  9%) committed. 

Chunk freelists:
   Non-Class:  6.02 MB
       Class:  15.78 MB
        Both:  21.80 MB

MaxMetaspaceSize: 4.00 GB
CompressedClassSpaceSize: 1.00 GB
Initial GC threshold: 21.00 MB
Current GC threshold: 171.88 MB
CDS: on
 - commit_granule_bytes: 65536.
 - commit_granule_words: 8192.
 - virtual_space_node_default_size: 8388608.
 - enlarge_chunks_in_place: 1.
 - use_allocation_guard: 0.


Internal statistics:

num_allocs_failed_limit: 6.
num_arena_births: 4602.
num_arena_deaths: 0.
num_vsnodes_births: 3.
num_vsnodes_deaths: 0.
num_space_committed: 1695.
num_space_uncommitted: 0.
num_chunks_returned_to_freelist: 6.
num_chunks_taken_from_freelist: 9717.
num_chunk_merges: 6.
num_chunk_splits: 6371.
num_chunks_enlarged: 3990.
num_inconsistent_stats: 0.

CodeHeap 'non-profiled nmethods': size=259264Kb used=8312Kb max_used=8312Kb free=250951Kb
 bounds [0x0000027fdc450000, 0x0000027fdcc70000, 0x0000027fec180000]
CodeHeap 'profiled nmethods': size=259264Kb used=24887Kb max_used=24887Kb free=234376Kb
 bounds [0x0000027fcc180000, 0x0000027fcd9d0000, 0x0000027fdbeb0000]
CodeHeap 'non-nmethods': size=5760Kb used=2044Kb max_used=2135Kb free=3715Kb
 bounds [0x0000027fdbeb0000, 0x0000027fdc120000, 0x0000027fdc450000]
CodeCache: size=524288Kb, used=35243Kb, max_used=35334Kb, free=489042Kb
 total_blobs=13581, nmethods=12683, adapters=803, full_count=0
Compilation: enabled, stopped_count=0, restarted_count=0

Compilation events (20 events):
Event: 141.222 Thread 0x0000027ff105bdb0 14837       3       jdk.internal.jrtfs.JrtFileSystem$$Lambda/0x0000027f81c55098::test (12 bytes)
Event: 141.222 Thread 0x0000027ff105bdb0 nmethod 14837 0x0000027fcd9c9e10 code [0x0000027fcd9c9fe0, 0x0000027fcd9ca490]
Event: 141.222 Thread 0x0000027ff105bdb0 14838   !   3       jdk.internal.jrtfs.JrtFileSystem::lambda$iteratorOf$3 (11 bytes)
Event: 141.222 Thread 0x0000027ff105bdb0 nmethod 14838 0x0000027fcd9ca690 code [0x0000027fcd9ca860, 0x0000027fcd9caba8]
Event: 141.222 Thread 0x0000027ff105bdb0 14839       3       java.util.stream.SpinedBuffer::get (123 bytes)
Event: 141.223 Thread 0x0000027ff105bdb0 nmethod 14839 0x0000027fcd9cad10 code [0x0000027fcd9caf60, 0x0000027fcd9cb750]
Event: 141.223 Thread 0x0000027ff105bdb0 14840       3       jdk.internal.jrtfs.JrtDirectoryStream$1::next (5 bytes)
Event: 141.223 Thread 0x0000027ff105bdb0 nmethod 14840 0x0000027fcd9cbb10 code [0x0000027fcd9cbcc0, 0x0000027fcd9cbe00]
Event: 141.223 Thread 0x0000027ff105bdb0 14841   !   3       jdk.internal.jrtfs.JrtDirectoryStream$1::next (48 bytes)
Event: 141.224 Thread 0x0000027ff105bdb0 nmethod 14841 0x0000027fcd9cbe90 code [0x0000027fcd9cc080, 0x0000027fcd9cc578]
Event: 141.241 Thread 0x0000027ff105bdb0 14844       2       jdk.internal.jimage.ImageBufferCache$2::compare (13 bytes)
Event: 141.242 Thread 0x0000027ff105bdb0 nmethod 14844 0x0000027fcd9cc810 code [0x0000027fcd9cc9e0, 0x0000027fcd9cccf8]
Event: 141.245 Thread 0x0000027ff105bdb0 14845       2       java.nio.file.Files::provider (10 bytes)
Event: 141.246 Thread 0x0000027ff105bdb0 nmethod 14845 0x0000027fcd9cce90 code [0x0000027fcd9cd040, 0x0000027fcd9cd180]
Event: 141.258 Thread 0x0000027ff105bdb0 14848       1       java.nio.file.FileTreeWalker$DirectoryNode::stream (5 bytes)
Event: 141.258 Thread 0x0000027ff105bdb0 nmethod 14848 0x0000027fdcc6d710 code [0x0000027fdcc6d8a0, 0x0000027fdcc6d968]
Event: 141.258 Thread 0x0000027ff105bdb0 14849       1       java.nio.file.FileTreeWalker$DirectoryNode::directory (5 bytes)
Event: 141.258 Thread 0x0000027ff105bdb0 nmethod 14849 0x0000027fdcc6da10 code [0x0000027fdcc6dba0, 0x0000027fdcc6dc68]
Event: 141.270 Thread 0x0000027ff105bdb0 14850       2       java.util.stream.SpinedBuffer::<init> (18 bytes)
Event: 141.270 Thread 0x0000027ff105bdb0 nmethod 14850 0x0000027fcd9cd210 code [0x0000027fcd9cd3c0, 0x0000027fcd9cd5b8]

GC Heap History (20 events):
Event: 111.324 GC heap before
{Heap before GC invocations=46 (full 0):
 garbage-first heap   total 163840K, used 140526K [0x0000000080000000, 0x0000000100000000)
  region size 1024K, 45 young (46080K), 5 survivors (5120K)
 Metaspace       used 88453K, committed 90688K, reserved 1179648K
  class space    used 12710K, committed 13824K, reserved 1048576K
}
Event: 111.338 GC heap after
{Heap after GC invocations=47 (full 0):
 garbage-first heap   total 163840K, used 100617K [0x0000000080000000, 0x0000000100000000)
  region size 1024K, 5 young (5120K), 5 survivors (5120K)
 Metaspace       used 88453K, committed 90688K, reserved 1179648K
  class space    used 12710K, committed 13824K, reserved 1048576K
}
Event: 112.698 GC heap before
{Heap before GC invocations=47 (full 0):
 garbage-first heap   total 163840K, used 143625K [0x0000000080000000, 0x0000000100000000)
  region size 1024K, 47 young (48128K), 5 survivors (5120K)
 Metaspace       used 90961K, committed 93184K, reserved 1179648K
  class space    used 13057K, committed 14208K, reserved 1048576K
}
Event: 112.709 GC heap after
{Heap after GC invocations=48 (full 0):
 garbage-first heap   total 163840K, used 103312K [0x0000000080000000, 0x0000000100000000)
  region size 1024K, 5 young (5120K), 5 survivors (5120K)
 Metaspace       used 90961K, committed 93184K, reserved 1179648K
  class space    used 13057K, committed 14208K, reserved 1048576K
}
Event: 114.510 GC heap before
{Heap before GC invocations=49 (full 0):
 garbage-first heap   total 174080K, used 146320K [0x0000000080000000, 0x0000000100000000)
  region size 1024K, 47 young (48128K), 5 survivors (5120K)
 Metaspace       used 94316K, committed 96576K, reserved 1179648K
  class space    used 13673K, committed 14784K, reserved 1048576K
}
Event: 114.523 GC heap after
{Heap after GC invocations=50 (full 0):
 garbage-first heap   total 174080K, used 105678K [0x0000000080000000, 0x0000000100000000)
  region size 1024K, 5 young (5120K), 5 survivors (5120K)
 Metaspace       used 94316K, committed 96576K, reserved 1179648K
  class space    used 13673K, committed 14784K, reserved 1048576K
}
Event: 117.296 GC heap before
{Heap before GC invocations=50 (full 0):
 garbage-first heap   total 174080K, used 154830K [0x0000000080000000, 0x0000000100000000)
  region size 1024K, 53 young (54272K), 5 survivors (5120K)
 Metaspace       used 97763K, committed 100032K, reserved 1179648K
  class space    used 14117K, committed 15232K, reserved 1048576K
}
Event: 117.313 GC heap after
{Heap after GC invocations=51 (full 0):
 garbage-first heap   total 174080K, used 105919K [0x0000000080000000, 0x0000000100000000)
  region size 1024K, 3 young (3072K), 3 survivors (3072K)
 Metaspace       used 97763K, committed 100032K, reserved 1179648K
  class space    used 14117K, committed 15232K, reserved 1048576K
}
Event: 119.960 GC heap before
{Heap before GC invocations=51 (full 0):
 garbage-first heap   total 174080K, used 156095K [0x0000000080000000, 0x0000000100000000)
  region size 1024K, 53 young (54272K), 3 survivors (3072K)
 Metaspace       used 101718K, committed 104064K, reserved 1179648K
  class space    used 14647K, committed 15808K, reserved 1048576K
}
Event: 119.971 GC heap after
{Heap after GC invocations=52 (full 0):
 garbage-first heap   total 174080K, used 108682K [0x0000000080000000, 0x0000000100000000)
  region size 1024K, 6 young (6144K), 6 survivors (6144K)
 Metaspace       used 101718K, committed 104064K, reserved 1179648K
  class space    used 14647K, committed 15808K, reserved 1048576K
}
Event: 124.409 GC heap before
{Heap before GC invocations=53 (full 0):
 garbage-first heap   total 183296K, used 157834K [0x0000000080000000, 0x0000000100000000)
  region size 1024K, 55 young (56320K), 6 survivors (6144K)
 Metaspace       used 102436K, committed 104896K, reserved 1179648K
  class space    used 14735K, committed 15936K, reserved 1048576K
}
Event: 124.428 GC heap after
{Heap after GC invocations=54 (full 0):
 garbage-first heap   total 183296K, used 113157K [0x0000000080000000, 0x0000000100000000)
  region size 1024K, 7 young (7168K), 7 survivors (7168K)
 Metaspace       used 102436K, committed 104896K, reserved 1179648K
  class space    used 14735K, committed 15936K, reserved 1048576K
}
Event: 129.058 GC heap before
{Heap before GC invocations=54 (full 0):
 garbage-first heap   total 183296K, used 166405K [0x0000000080000000, 0x0000000100000000)
  region size 1024K, 60 young (61440K), 7 survivors (7168K)
 Metaspace       used 102438K, committed 104896K, reserved 1179648K
  class space    used 14736K, committed 15936K, reserved 1048576K
}
Event: 129.078 GC heap after
{Heap after GC invocations=55 (full 0):
 garbage-first heap   total 183296K, used 115297K [0x0000000080000000, 0x0000000100000000)
  region size 1024K, 3 young (3072K), 3 survivors (3072K)
 Metaspace       used 102438K, committed 104896K, reserved 1179648K
  class space    used 14736K, committed 15936K, reserved 1048576K
}
Event: 133.015 GC heap before
{Heap before GC invocations=55 (full 0):
 garbage-first heap   total 183296K, used 158305K [0x0000000080000000, 0x0000000100000000)
  region size 1024K, 46 young (47104K), 3 survivors (3072K)
 Metaspace       used 103183K, committed 105600K, reserved 1179648K
  class space    used 14868K, committed 16064K, reserved 1048576K
}
Event: 133.024 GC heap after
{Heap after GC invocations=56 (full 0):
 garbage-first heap   total 183296K, used 117776K [0x0000000080000000, 0x0000000100000000)
  region size 1024K, 6 young (6144K), 6 survivors (6144K)
 Metaspace       used 103183K, committed 105600K, reserved 1179648K
  class space    used 14868K, committed 16064K, reserved 1048576K
}
Event: 138.866 GC heap before
{Heap before GC invocations=57 (full 0):
 garbage-first heap   total 203776K, used 172048K [0x0000000080000000, 0x0000000100000000)
  region size 1024K, 57 young (58368K), 6 survivors (6144K)
 Metaspace       used 104418K, committed 106944K, reserved 1179648K
  class space    used 15090K, committed 16320K, reserved 1048576K
}
Event: 138.902 GC heap after
{Heap after GC invocations=58 (full 0):
 garbage-first heap   total 203776K, used 130048K [0x0000000080000000, 0x0000000100000000)
  region size 1024K, 8 young (8192K), 8 survivors (8192K)
 Metaspace       used 104418K, committed 106944K, reserved 1179648K
  class space    used 15090K, committed 16320K, reserved 1048576K
}
Event: 141.184 GC heap before
{Heap before GC invocations=58 (full 0):
 garbage-first heap   total 203776K, used 183296K [0x0000000080000000, 0x0000000100000000)
  region size 1024K, 60 young (61440K), 8 survivors (8192K)
 Metaspace       used 105923K, committed 108480K, reserved 1179648K
  class space    used 15250K, committed 16512K, reserved 1048576K
}
Event: 141.212 GC heap after
{Heap after GC invocations=59 (full 0):
 garbage-first heap   total 204800K, used 139718K [0x0000000080000000, 0x0000000100000000)
  region size 1024K, 8 young (8192K), 8 survivors (8192K)
 Metaspace       used 105923K, committed 108480K, reserved 1179648K
  class space    used 15250K, committed 16512K, reserved 1048576K
}

Dll operation events (14 events):
Event: 0.015 Loaded shared library C:\Users\Lenovo\.vscode\extensions\redhat.java-1.54.0-win32-x64\jre\21.0.10-win32-x86_64\bin\java.dll
Event: 0.580 Loaded shared library C:\Users\Lenovo\.vscode\extensions\redhat.java-1.54.0-win32-x64\jre\21.0.10-win32-x86_64\bin\zip.dll
Event: 0.689 Loaded shared library C:\Users\Lenovo\.vscode\extensions\redhat.java-1.54.0-win32-x64\jre\21.0.10-win32-x86_64\bin\instrument.dll
Event: 0.733 Loaded shared library C:\Users\Lenovo\.vscode\extensions\redhat.java-1.54.0-win32-x64\jre\21.0.10-win32-x86_64\bin\net.dll
Event: 0.747 Loaded shared library C:\Users\Lenovo\.vscode\extensions\redhat.java-1.54.0-win32-x64\jre\21.0.10-win32-x86_64\bin\nio.dll
Event: 0.757 Loaded shared library C:\Users\Lenovo\.vscode\extensions\redhat.java-1.54.0-win32-x64\jre\21.0.10-win32-x86_64\bin\zip.dll
Event: 3.170 Loaded shared library C:\Users\Lenovo\.vscode\extensions\redhat.java-1.54.0-win32-x64\jre\21.0.10-win32-x86_64\bin\jimage.dll
Event: 5.610 Loaded shared library C:\Users\Lenovo\.vscode\extensions\redhat.java-1.54.0-win32-x64\jre\21.0.10-win32-x86_64\bin\verify.dll
Event: 5.993 Loaded shared library D:\GradleCache\native\1def1411415f61bf3af743bc5b6707747c0891f09f0c88961ee8f79bc544acac\windows-amd64\native-platform.dll
Event: 6.300 Loaded shared library D:\GradleCache\native\0.2.8\x86_64-windows-gnu\gradle-fileevents.dll
Event: 19.411 Loaded shared library C:\Users\Lenovo\.vscode\extensions\redhat.java-1.54.0-win32-x64\jre\21.0.10-win32-x86_64\bin\management.dll
Event: 19.421 Loaded shared library C:\Users\Lenovo\.vscode\extensions\redhat.java-1.54.0-win32-x64\jre\21.0.10-win32-x86_64\bin\management_ext.dll
Event: 20.934 Loaded shared library C:\Users\Lenovo\.vscode\extensions\redhat.java-1.54.0-win32-x64\jre\21.0.10-win32-x86_64\bin\extnet.dll
Event: 22.279 Loaded shared library C:\Users\Lenovo\.vscode\extensions\redhat.java-1.54.0-win32-x64\jre\21.0.10-win32-x86_64\bin\sunmscapi.dll

Deoptimization events (20 events):
Event: 141.020 Thread 0x0000027ff6b517d0 DEOPT PACKING pc=0x0000027fcc7e790b sp=0x000000d7ce6f3920
Event: 141.020 Thread 0x0000027ff6b517d0 DEOPT UNPACKING pc=0x0000027fdbf04bc2 sp=0x000000d7ce6f2d98 mode 0
Event: 141.021 Thread 0x0000027ff6b517d0 DEOPT PACKING pc=0x0000027fcc7e790b sp=0x000000d7ce6f3920
Event: 141.021 Thread 0x0000027ff6b517d0 DEOPT UNPACKING pc=0x0000027fdbf04bc2 sp=0x000000d7ce6f2d98 mode 0
Event: 141.022 Thread 0x0000027ff6b517d0 DEOPT PACKING pc=0x0000027fcc7e790b sp=0x000000d7ce6f3920
Event: 141.022 Thread 0x0000027ff6b517d0 DEOPT UNPACKING pc=0x0000027fdbf04bc2 sp=0x000000d7ce6f2d98 mode 0
Event: 141.043 Thread 0x0000027ff6b517d0 DEOPT PACKING pc=0x0000027fccf18fd4 sp=0x000000d7ce6f3e60
Event: 141.043 Thread 0x0000027ff6b517d0 DEOPT UNPACKING pc=0x0000027fdbf04bc2 sp=0x000000d7ce6f3388 mode 0
Event: 141.084 Thread 0x0000027ff6b517d0 Uncommon trap: trap_request=0xffffffde fr.pc=0x0000027fdc824394 relative=0x0000000000000b74
Event: 141.084 Thread 0x0000027ff6b517d0 Uncommon trap: reason=class_check action=maybe_recompile pc=0x0000027fdc824394 method=java.util.HashMap.removeNode(ILjava/lang/Object;Ljava/lang/Object;ZZ)Ljava/util/HashMap$Node; @ 68 c2
Event: 141.084 Thread 0x0000027ff6b517d0 DEOPT PACKING pc=0x0000027fdc824394 sp=0x000000d7ce6f3cd0
Event: 141.084 Thread 0x0000027ff6b517d0 DEOPT UNPACKING pc=0x0000027fdbf04422 sp=0x000000d7ce6f3c98 mode 2
Event: 141.100 Thread 0x0000027ff6b517d0 Uncommon trap: trap_request=0xffffff45 fr.pc=0x0000027fdcc30da8 relative=0x0000000000001588
Event: 141.100 Thread 0x0000027ff6b517d0 Uncommon trap: reason=unstable_if action=reinterpret pc=0x0000027fdcc30da8 method=java.util.HashMap.putMapEntries(Ljava/util/Map;Z)V @ 56 c2
Event: 141.100 Thread 0x0000027ff6b517d0 DEOPT PACKING pc=0x0000027fdcc30da8 sp=0x000000d7ce6f40b0
Event: 141.100 Thread 0x0000027ff6b517d0 DEOPT UNPACKING pc=0x0000027fdbf04422 sp=0x000000d7ce6f4068 mode 2
Event: 141.102 Thread 0x0000027ff6b517d0 Uncommon trap: trap_request=0xffffff6e fr.pc=0x0000027fdca91b34 relative=0x00000000000003b4
Event: 141.102 Thread 0x0000027ff6b517d0 Uncommon trap: reason=loop_limit_check action=maybe_recompile pc=0x0000027fdca91b34 method=java.util.regex.Pattern$Start.match(Ljava/util/regex/Matcher;ILjava/lang/CharSequence;)Z @ 34 c2
Event: 141.102 Thread 0x0000027ff6b517d0 DEOPT PACKING pc=0x0000027fdca91b34 sp=0x000000d7ce6f3d00
Event: 141.102 Thread 0x0000027ff6b517d0 DEOPT UNPACKING pc=0x0000027fdbf04422 sp=0x000000d7ce6f3bb0 mode 2

Classes loaded (20 events):
Event: 141.108 Loading class jdk/internal/jimage/ImageReader$Directory
Event: 141.108 Loading class jdk/internal/jimage/ImageReader$Node
Event: 141.109 Loading class jdk/internal/jimage/ImageReader$Node done
Event: 141.109 Loading class jdk/internal/jimage/ImageReader$Directory done
Event: 141.109 Loading class jdk/internal/jrtfs/SystemImage$1
Event: 141.109 Loading class jdk/internal/jrtfs/SystemImage$1 done
Event: 141.111 Loading class jdk/internal/jimage/ImageReader$SharedImageReader$LocationVisitor
Event: 141.111 Loading class jdk/internal/jimage/ImageReader$SharedImageReader$LocationVisitor done
Event: 141.112 Loading class java/nio/ByteBufferAsIntBufferL
Event: 141.112 Loading class java/nio/ByteBufferAsIntBufferL done
Event: 141.115 Loading class jdk/internal/jrtfs/JrtFileAttributes
Event: 141.115 Loading class jdk/internal/jrtfs/JrtFileAttributes done
Event: 141.115 Loading class jdk/internal/jrtfs/JrtDirectoryStream
Event: 141.115 Loading class jdk/internal/jrtfs/JrtDirectoryStream done
Event: 141.117 Loading class jdk/internal/jrtfs/JrtDirectoryStream$1
Event: 141.118 Loading class jdk/internal/jrtfs/JrtDirectoryStream$1 done
Event: 141.118 Loading class java/util/function/BooleanSupplier
Event: 141.118 Loading class java/util/function/BooleanSupplier done
Event: 141.119 Loading class jdk/internal/jimage/ImageReader$Resource
Event: 141.119 Loading class jdk/internal/jimage/ImageReader$Resource done

Classes unloaded (0 events):
No events

Classes redefined (0 events):
No events

Internal exceptions (20 events):
Event: 139.537 Thread 0x0000027ff6b517d0 Exception <a 'java/lang/ClassNotFoundException'{0x000000008b8f5870}: com/android/build/gradle/internal/dsl/ExternalNativeBuild$AgpDecoratedCustomizer> (0x000000008b8f5870) 
thrown [s\src\hotspot\share\classfile\systemDictionary.cpp, line 312]
Event: 139.539 Thread 0x0000027ff6b517d0 Exception <a 'java/lang/ClassNotFoundException'{0x000000008b70e438}: com/android/build/gradle/internal/dsl/ExternalNativeBuild$AgpDecorated_DecoratedCustomizer> (0x000000008b70e438) 
thrown [s\src\hotspot\share\classfile\systemDictionary.cpp, line 312]
Event: 139.546 Thread 0x0000027ff6b517d0 Exception <a 'java/lang/ClassNotFoundException'{0x000000008b7752b0}: com/android/build/gradle/internal/dsl/CmakeOptions$AgpDecorated_DecoratedBeanInfo> (0x000000008b7752b0) 
thrown [s\src\hotspot\share\classfile\systemDictionary.cpp, line 312]
Event: 139.547 Thread 0x0000027ff6b517d0 Exception <a 'java/lang/ClassNotFoundException'{0x000000008b783050}: com/android/build/gradle/internal/dsl/CmakeOptions$AgpDecoratedBeanInfo> (0x000000008b783050) 
thrown [s\src\hotspot\share\classfile\systemDictionary.cpp, line 312]
Event: 139.548 Thread 0x0000027ff6b517d0 Exception <a 'java/lang/ClassNotFoundException'{0x000000008b7908a0}: com/android/build/gradle/internal/dsl/CmakeOptionsBeanInfo> (0x000000008b7908a0) 
thrown [s\src\hotspot\share\classfile\systemDictionary.cpp, line 312]
Event: 139.548 Thread 0x0000027ff6b517d0 Exception <a 'java/lang/ClassNotFoundException'{0x000000008b79e0c8}: com/android/build/gradle/internal/dsl/CmakeOptionsCustomizer> (0x000000008b79e0c8) 
thrown [s\src\hotspot\share\classfile\systemDictionary.cpp, line 312]
Event: 139.550 Thread 0x0000027ff6b517d0 Exception <a 'java/lang/ClassNotFoundException'{0x000000008b7b0b30}: com/android/build/gradle/internal/dsl/CmakeOptions$AgpDecoratedCustomizer> (0x000000008b7b0b30) 
thrown [s\src\hotspot\share\classfile\systemDictionary.cpp, line 312]
Event: 139.551 Thread 0x0000027ff6b517d0 Exception <a 'java/lang/ClassNotFoundException'{0x000000008b7c5490}: com/android/build/gradle/internal/dsl/CmakeOptions$AgpDecorated_DecoratedCustomizer> (0x000000008b7c5490) 
thrown [s\src\hotspot\share\classfile\systemDictionary.cpp, line 312]
Event: 140.145 Thread 0x0000027ff6b517d0 Exception <a 'java/lang/ClassNotFoundException'{0x000000008a581a98}: build_5mul11akb7s8o7dbwe1g0q12wBeanInfo> (0x000000008a581a98) 
thrown [s\src\hotspot\share\classfile\systemDictionary.cpp, line 312]
Event: 140.145 Thread 0x0000027ff6b517d0 Exception <a 'java/lang/ClassNotFoundException'{0x000000008a5c0d60}: build_5mul11akb7s8o7dbwe1g0q12wCustomizer> (0x000000008a5c0d60) 
thrown [s\src\hotspot\share\classfile\systemDictionary.cpp, line 312]
Event: 140.206 Thread 0x0000027ff6b517d0 Exception <a 'java/lang/ClassNotFoundException'{0x000000008a46dea0}: build_5mul11akb7s8o7dbwe1g0q12wBeanInfo> (0x000000008a46dea0) 
thrown [s\src\hotspot\share\classfile\systemDictionary.cpp, line 312]
Event: 140.206 Thread 0x0000027ff6b517d0 Exception <a 'java/lang/ClassNotFoundException'{0x000000008a474e90}: build_5mul11akb7s8o7dbwe1g0q12wCustomizer> (0x000000008a474e90) 
thrown [s\src\hotspot\share\classfile\systemDictionary.cpp, line 312]
Event: 140.731 Thread 0x0000027ff6b517d0 Exception <a 'java/lang/ClassNotFoundException'{0x00000000899de9b0}: build_e0qr5ozf3dgd8jktq9prvbyd7BeanInfo> (0x00000000899de9b0) 
thrown [s\src\hotspot\share\classfile\systemDictionary.cpp, line 312]
Event: 140.732 Thread 0x0000027ff6b517d0 Exception <a 'java/lang/ClassNotFoundException'{0x00000000899e5a08}: build_e0qr5ozf3dgd8jktq9prvbyd7Customizer> (0x00000000899e5a08) 
thrown [s\src\hotspot\share\classfile\systemDictionary.cpp, line 312]
Event: 140.765 Thread 0x0000027ff6b517d0 Exception <a 'java/lang/ClassNotFoundException'{0x000000008989c1b8}: groovy/lang/GString$1BeanInfo> (0x000000008989c1b8) 
thrown [s\src\hotspot\share\classfile\systemDictionary.cpp, line 312]
Event: 140.766 Thread 0x0000027ff6b517d0 Exception <a 'java/lang/ClassNotFoundException'{0x00000000898af4d0}: groovy/lang/GStringBeanInfo> (0x00000000898af4d0) 
thrown [s\src\hotspot\share\classfile\systemDictionary.cpp, line 312]
Event: 140.768 Thread 0x0000027ff6b517d0 Exception <a 'java/lang/ClassNotFoundException'{0x00000000898c2568}: groovy/lang/GStringCustomizer> (0x00000000898c2568) 
thrown [s\src\hotspot\share\classfile\systemDictionary.cpp, line 312]
Event: 140.772 Thread 0x0000027ff6b517d0 Exception <a 'java/lang/ClassNotFoundException'{0x00000000898e18e0}: groovy/lang/GString$1Customizer> (0x00000000898e18e0) 
thrown [s\src\hotspot\share\classfile\systemDictionary.cpp, line 312]
Event: 140.793 Thread 0x0000027ff6b517d0 Exception <a 'java/lang/ClassNotFoundException'{0x0000000089767790}: org/codehaus/groovy/runtime/GStringImplBeanInfo> (0x0000000089767790) 
thrown [s\src\hotspot\share\classfile\systemDictionary.cpp, line 312]
Event: 140.795 Thread 0x0000027ff6b517d0 Exception <a 'java/lang/ClassNotFoundException'{0x000000008977b2c0}: org/codehaus/groovy/runtime/GStringImplCustomizer> (0x000000008977b2c0) 
thrown [s\src\hotspot\share\classfile\systemDictionary.cpp, line 312]

ZGC Phase Switch (0 events):
No events

VM Operations (20 events):
Event: 140.921 Executing non-safepoint VM operation: HandshakeAllThreads (Deoptimize)
Event: 140.922 Executing non-safepoint VM operation: HandshakeAllThreads (Deoptimize) done
Event: 140.926 Executing non-safepoint VM operation: HandshakeAllThreads (Deoptimize)
Event: 140.927 Executing non-safepoint VM operation: HandshakeAllThreads (Deoptimize) done
Event: 140.950 Executing non-safepoint VM operation: HandshakeAllThreads (Deoptimize)
Event: 140.951 Executing non-safepoint VM operation: HandshakeAllThreads (Deoptimize) done
Event: 140.958 Executing non-safepoint VM operation: HandshakeAllThreads (Deoptimize)
Event: 140.959 Executing non-safepoint VM operation: HandshakeAllThreads (Deoptimize) done
Event: 140.972 Executing non-safepoint VM operation: HandshakeAllThreads (Deoptimize)
Event: 140.972 Executing non-safepoint VM operation: HandshakeAllThreads (Deoptimize) done
Event: 140.991 Executing non-safepoint VM operation: HandshakeAllThreads (Deoptimize)
Event: 140.991 Executing non-safepoint VM operation: HandshakeAllThreads (Deoptimize) done
Event: 140.997 Executing non-safepoint VM operation: HandshakeAllThreads (Deoptimize)
Event: 140.997 Executing non-safepoint VM operation: HandshakeAllThreads (Deoptimize) done
Event: 141.041 Executing non-safepoint VM operation: HandshakeAllThreads (Deoptimize)
Event: 141.042 Executing non-safepoint VM operation: HandshakeAllThreads (Deoptimize) done
Event: 141.114 Executing non-safepoint VM operation: HandshakeAllThreads (Deoptimize)
Event: 141.115 Executing non-safepoint VM operation: HandshakeAllThreads (Deoptimize) done
Event: 141.184 Executing safepoint VM operation: G1CollectForAllocation (G1 Evacuation Pause)
Event: 141.213 Executing safepoint VM operation: G1CollectForAllocation (G1 Evacuation Pause) done

Memory protections (0 events):
No events

Nmethod flushes (20 events):
Event: 133.498 Thread 0x0000027ff1034c90 flushing  nmethod 0x0000027fcc89ba90
Event: 133.498 Thread 0x0000027ff1034c90 flushing  nmethod 0x0000027fcc89c110
Event: 133.498 Thread 0x0000027ff1034c90 flushing  nmethod 0x0000027fcc89cd90
Event: 133.498 Thread 0x0000027ff1034c90 flushing  nmethod 0x0000027fcc89de10
Event: 133.498 Thread 0x0000027ff1034c90 flushing  nmethod 0x0000027fcc8b1890
Event: 133.498 Thread 0x0000027ff1034c90 flushing  nmethod 0x0000027fcc905c90
Event: 133.498 Thread 0x0000027ff1034c90 flushing  nmethod 0x0000027fcc98c210
Event: 133.498 Thread 0x0000027ff1034c90 flushing  nmethod 0x0000027fcca15a10
Event: 133.498 Thread 0x0000027ff1034c90 flushing  nmethod 0x0000027fccab9d90
Event: 133.498 Thread 0x0000027ff1034c90 flushing  nmethod 0x0000027fccadf810
Event: 133.498 Thread 0x0000027ff1034c90 flushing  nmethod 0x0000027fccb74c10
Event: 133.498 Thread 0x0000027ff1034c90 flushing  nmethod 0x0000027fccded490
Event: 133.498 Thread 0x0000027ff1034c90 flushing  nmethod 0x0000027fccdee590
Event: 133.498 Thread 0x0000027ff1034c90 flushing  nmethod 0x0000027fccdf1490
Event: 133.498 Thread 0x0000027ff1034c90 flushing  nmethod 0x0000027fccf39810
Event: 133.498 Thread 0x0000027ff1034c90 flushing  nmethod 0x0000027fccf5f790
Event: 133.498 Thread 0x0000027ff1034c90 flushing  nmethod 0x0000027fcd2beb90
Event: 133.498 Thread 0x0000027ff1034c90 flushing  nmethod 0x0000027fcd410d10
Event: 133.498 Thread 0x0000027ff1034c90 flushing  nmethod 0x0000027fcd480810
Event: 133.498 Thread 0x0000027ff1034c90 flushing  nmethod 0x0000027fcd567d90

Events (20 events):
Event: 121.728 Thread 0x0000027ffad87960 Thread exited: 0x0000027ffad87960
Event: 122.055 Thread 0x0000027ff6b517d0 Thread added: 0x0000027ffb3012a0
Event: 122.055 Thread 0x0000027ff6b517d0 Thread added: 0x0000027ffb760510
Event: 122.055 Thread 0x0000027ff6b517d0 Thread added: 0x0000027ffb75c370
Event: 122.107 Thread 0x0000027ff6b517d0 Thread added: 0x0000027ffb760ba0
Event: 122.109 Thread 0x0000027ff6b517d0 Thread added: 0x0000027ffb761230
Event: 122.110 Thread 0x0000027ff6b517d0 Thread added: 0x0000027ffb7618c0
Event: 123.443 Thread 0x0000027ff6b517d0 Thread added: 0x0000027ffb75f7f0
Event: 123.443 Thread 0x0000027ff6b517d0 Thread added: 0x0000027ffb75d720
Event: 123.444 Thread 0x0000027ff6b517d0 Thread added: 0x0000027ffb75d090
Event: 131.357 Thread 0x0000027ff6b517d0 Thread added: 0x0000027ffb762c70
Event: 131.377 Thread 0x0000027ff105bdb0 Thread added: 0x0000027ffad83c10
Event: 134.118 Thread 0x0000027ffad83c10 Thread exited: 0x0000027ffad83c10
Event: 135.368 Thread 0x0000027ff105bdb0 Thread added: 0x0000027ffad83540
Event: 135.593 Thread 0x0000027ffad83540 Thread exited: 0x0000027ffad83540
Event: 136.598 Thread 0x0000027ff105bdb0 Thread added: 0x0000027ffad85750
Event: 137.096 Thread 0x0000027ffad85750 Thread exited: 0x0000027ffad85750
Event: 137.983 Thread 0x0000027ff6b517d0 Thread added: 0x0000027ff75da2e0
Event: 138.125 Thread 0x0000027ff6b517d0 Thread added: 0x0000027ff75da970
Event: 139.751 Thread 0x0000027ff105bdb0 Thread added: 0x0000027ffad89b70


Dynamic libraries:
0x00007ff70a250000 - 0x00007ff70a25e000 	C:\Users\Lenovo\.vscode\extensions\redhat.java-1.54.0-win32-x64\jre\21.0.10-win32-x86_64\bin\java.exe
0x00007ffef1e50000 - 0x00007ffef2049000 	C:\Windows\SYSTEM32\ntdll.dll
0x00007ffef1570000 - 0x00007ffef1632000 	C:\Windows\System32\KERNEL32.DLL
0x00007ffeef810000 - 0x00007ffeefb07000 	C:\Windows\System32\KERNELBASE.dll
0x00007ffeef560000 - 0x00007ffeef660000 	C:\Windows\System32\ucrtbase.dll
0x00007ffecbe50000 - 0x00007ffecbe68000 	C:\Users\Lenovo\.vscode\extensions\redhat.java-1.54.0-win32-x64\jre\21.0.10-win32-x86_64\bin\jli.dll
0x00007ffef0330000 - 0x00007ffef04cd000 	C:\Windows\System32\USER32.dll
0x00007ffeefe20000 - 0x00007ffeefe42000 	C:\Windows\System32\win32u.dll
0x00007ffef13b0000 - 0x00007ffef13db000 	C:\Windows\System32\GDI32.dll
0x00007ffeefb10000 - 0x00007ffeefc2a000 	C:\Windows\System32\gdi32full.dll
0x00007ffeef4c0000 - 0x00007ffeef55d000 	C:\Windows\System32\msvcp_win.dll
0x00007ffecb9e0000 - 0x00007ffecb9fe000 	C:\Users\Lenovo\.vscode\extensions\redhat.java-1.54.0-win32-x64\jre\21.0.10-win32-x86_64\bin\VCRUNTIME140.dll
0x00007ffed9600000 - 0x00007ffed989b000 	C:\Windows\WinSxS\amd64_microsoft.windows.common-controls_6595b64144ccf1df_6.0.19041.6926_none_60b5a53971f8f7e6\COMCTL32.dll
0x00007ffef1900000 - 0x00007ffef199e000 	C:\Windows\System32\msvcrt.dll
0x00007ffef0fb0000 - 0x00007ffef0fdf000 	C:\Windows\System32\IMM32.DLL
0x00007ffed78c0000 - 0x00007ffed78cc000 	C:\Users\Lenovo\.vscode\extensions\redhat.java-1.54.0-win32-x64\jre\21.0.10-win32-x86_64\bin\vcruntime140_1.dll
0x00007ffeaaa90000 - 0x00007ffeaab1d000 	C:\Users\Lenovo\.vscode\extensions\redhat.java-1.54.0-win32-x64\jre\21.0.10-win32-x86_64\bin\msvcp140.dll
0x00007ffe729e0000 - 0x00007ffe73781000 	C:\Users\Lenovo\.vscode\extensions\redhat.java-1.54.0-win32-x64\jre\21.0.10-win32-x86_64\bin\server\jvm.dll
0x00007ffef1640000 - 0x00007ffef16f1000 	C:\Windows\System32\ADVAPI32.dll
0x00007ffef1100000 - 0x00007ffef119f000 	C:\Windows\System32\sechost.dll
0x00007ffef1700000 - 0x00007ffef1826000 	C:\Windows\System32\RPCRT4.dll
0x00007ffeefd60000 - 0x00007ffeefd87000 	C:\Windows\System32\bcrypt.dll
0x00007ffef12e0000 - 0x00007ffef134b000 	C:\Windows\System32\WS2_32.dll
0x00007ffeee980000 - 0x00007ffeee9cb000 	C:\Windows\SYSTEM32\POWRPROF.dll
0x00007ffeea330000 - 0x00007ffeea357000 	C:\Windows\SYSTEM32\WINMM.dll
0x00007ffee2df0000 - 0x00007ffee2dfa000 	C:\Windows\SYSTEM32\VERSION.dll
0x00007ffeee840000 - 0x00007ffeee852000 	C:\Windows\SYSTEM32\UMPDC.dll
0x00007ffeedcb0000 - 0x00007ffeedcc2000 	C:\Windows\SYSTEM32\kernel.appcore.dll
0x00007ffed7800000 - 0x00007ffed780a000 	C:\Users\Lenovo\.vscode\extensions\redhat.java-1.54.0-win32-x64\jre\21.0.10-win32-x86_64\bin\jimage.dll
0x00007ffeec310000 - 0x00007ffeec511000 	C:\Windows\SYSTEM32\DBGHELP.DLL
0x00007ffee37d0000 - 0x00007ffee3804000 	C:\Windows\SYSTEM32\dbgcore.DLL
0x00007ffeefd90000 - 0x00007ffeefe12000 	C:\Windows\System32\bcryptPrimitives.dll
0x00007ffed4cd0000 - 0x00007ffed4cdf000 	C:\Users\Lenovo\.vscode\extensions\redhat.java-1.54.0-win32-x64\jre\21.0.10-win32-x86_64\bin\instrument.dll
0x00007ffebcb40000 - 0x00007ffebcb60000 	C:\Users\Lenovo\.vscode\extensions\redhat.java-1.54.0-win32-x64\jre\21.0.10-win32-x86_64\bin\java.dll
0x00007ffef0830000 - 0x00007ffef0fa1000 	C:\Windows\System32\SHELL32.dll
0x00007ffeed4a0000 - 0x00007ffeedc46000 	C:\Windows\SYSTEM32\windows.storage.dll
0x00007ffef04d0000 - 0x00007ffef0823000 	C:\Windows\System32\combase.dll
0x00007ffeeee00000 - 0x00007ffeeee2b000 	C:\Windows\SYSTEM32\Wldp.dll
0x00007ffef00a0000 - 0x00007ffef0176000 	C:\Windows\System32\OLEAUT32.dll
0x00007ffef1830000 - 0x00007ffef18dd000 	C:\Windows\System32\SHCORE.dll
0x00007ffef1350000 - 0x00007ffef13ab000 	C:\Windows\System32\shlwapi.dll
0x00007ffeef3f0000 - 0x00007ffeef414000 	C:\Windows\SYSTEM32\profapi.dll
0x00007ffeb8c00000 - 0x00007ffeb8c18000 	C:\Users\Lenovo\.vscode\extensions\redhat.java-1.54.0-win32-x64\jre\21.0.10-win32-x86_64\bin\zip.dll
0x00007ffed4d70000 - 0x00007ffed4d80000 	C:\Users\Lenovo\.vscode\extensions\redhat.java-1.54.0-win32-x64\jre\21.0.10-win32-x86_64\bin\net.dll
0x00007ffeec540000 - 0x00007ffeec64a000 	C:\Windows\SYSTEM32\WINHTTP.dll
0x00007ffeeebb0000 - 0x00007ffeeec1a000 	C:\Windows\system32\mswsock.dll
0x00007ffeb8680000 - 0x00007ffeb8696000 	C:\Users\Lenovo\.vscode\extensions\redhat.java-1.54.0-win32-x64\jre\21.0.10-win32-x86_64\bin\nio.dll
0x00007ffed4cb0000 - 0x00007ffed4cc0000 	C:\Users\Lenovo\.vscode\extensions\redhat.java-1.54.0-win32-x64\jre\21.0.10-win32-x86_64\bin\verify.dll
0x00007ffeb84e0000 - 0x00007ffeb8507000 	D:\GradleCache\native\1def1411415f61bf3af743bc5b6707747c0891f09f0c88961ee8f79bc544acac\windows-amd64\native-platform.dll
0x00007ffebb710000 - 0x00007ffebb787000 	D:\GradleCache\native\0.2.8\x86_64-windows-gnu\gradle-fileevents.dll
0x00007ffee4f30000 - 0x00007ffee4f3a000 	C:\Users\Lenovo\.vscode\extensions\redhat.java-1.54.0-win32-x64\jre\21.0.10-win32-x86_64\bin\management.dll
0x00007ffede180000 - 0x00007ffede18c000 	C:\Users\Lenovo\.vscode\extensions\redhat.java-1.54.0-win32-x64\jre\21.0.10-win32-x86_64\bin\management_ext.dll
0x00007ffef0fe0000 - 0x00007ffef0fe8000 	C:\Windows\System32\PSAPI.DLL
0x00007ffeee860000 - 0x00007ffeee89b000 	C:\Windows\SYSTEM32\IPHLPAPI.DLL
0x00007ffef0ff0000 - 0x00007ffef0ff8000 	C:\Windows\System32\NSI.dll
0x00007ffec7d40000 - 0x00007ffec7d49000 	C:\Users\Lenovo\.vscode\extensions\redhat.java-1.54.0-win32-x64\jre\21.0.10-win32-x86_64\bin\extnet.dll
0x00007ffeeee40000 - 0x00007ffeeee58000 	C:\Windows\SYSTEM32\CRYPTSP.dll
0x00007ffeee480000 - 0x00007ffeee4b8000 	C:\Windows\system32\rsaenh.dll
0x00007ffeef360000 - 0x00007ffeef38e000 	C:\Windows\SYSTEM32\USERENV.dll
0x00007ffeeed70000 - 0x00007ffeeed7c000 	C:\Windows\SYSTEM32\CRYPTBASE.dll
0x00007ffed1a80000 - 0x00007ffed1a8e000 	C:\Users\Lenovo\.vscode\extensions\redhat.java-1.54.0-win32-x64\jre\21.0.10-win32-x86_64\bin\sunmscapi.dll
0x00007ffeef660000 - 0x00007ffeef7bd000 	C:\Windows\System32\CRYPT32.dll
0x00007ffeeef50000 - 0x00007ffeeef77000 	C:\Windows\SYSTEM32\ncrypt.dll
0x00007ffeeef10000 - 0x00007ffeeef4b000 	C:\Windows\SYSTEM32\NTASN1.dll
0x00007ffec21b0000 - 0x00007ffec21b7000 	C:\Windows\system32\wshunix.dll

JVMTI agents:
D:\GradleCache\wrapper\dists\gradle-9.1.0-all\7wzd0jkjit61aq2p43wpjgij9\gradle-9.1.0\lib\agents\gradle-instrumentation-agent-9.1.0.jar path:C:\Users\Lenovo\.vscode\extensions\redhat.java-1.54.0-win32-x64\jre\21.0.10-win32-x86_64\bin\instrument.dll, loaded, initialized, instrumentlib options:none

dbghelp: loaded successfully - version: 4.0.5 - missing functions: none
symbol engine: initialized successfully - sym options: 0x614 - pdb path: .;C:\Users\Lenovo\.vscode\extensions\redhat.java-1.54.0-win32-x64\jre\21.0.10-win32-x86_64\bin;C:\Windows\SYSTEM32;C:\Windows\WinSxS\amd64_microsoft.windows.common-controls_6595b64144ccf1df_6.0.19041.6926_none_60b5a53971f8f7e6;C:\Users\Lenovo\.vscode\extensions\redhat.java-1.54.0-win32-x64\jre\21.0.10-win32-x86_64\bin\server;D:\GradleCache\native\1def1411415f61bf3af743bc5b6707747c0891f09f0c88961ee8f79bc544acac\windows-amd64;D:\GradleCache\native\0.2.8\x86_64-windows-gnu

VM Arguments:
jvm_args: --add-opens=java.base/java.lang=ALL-UNNAMED --add-opens=java.base/java.lang.invoke=ALL-UNNAMED --add-opens=java.base/java.util=ALL-UNNAMED --add-opens=java.prefs/java.util.prefs=ALL-UNNAMED --add-exports=jdk.compiler/com.sun.tools.javac.api=ALL-UNNAMED --add-exports=jdk.compiler/com.sun.tools.javac.util=ALL-UNNAMED --add-opens=java.base/java.util=ALL-UNNAMED --add-opens=java.prefs/java.util.prefs=ALL-UNNAMED --add-opens=java.base/java.nio.charset=ALL-UNNAMED --add-opens=java.base/java.net=ALL-UNNAMED --add-opens=java.base/java.util.concurrent=ALL-UNNAMED --add-opens=java.base/java.util.concurrent.atomic=ALL-UNNAMED --add-opens=java.xml/javax.xml.namespace=ALL-UNNAMED --add-opens=java.base/java.time=ALL-UNNAMED -XX:MaxMetaspaceSize=4G -XX:ReservedCodeCacheSize=512m -XX:+HeapDumpOnOutOfMemoryError -Xmx2G -Dfile.encoding=UTF-8 -Duser.country=PH -Duser.language=en -Duser.variant -javaagent:D:\GradleCache\wrapper\dists\gradle-9.1.0-all\7wzd0jkjit61aq2p43wpjgij9\gradle-9.1.0\lib\agents\gradle-instrumentation-agent-9.1.0.jar 
java_command: org.gradle.launcher.daemon.bootstrap.GradleDaemon 9.1.0
java_class_path (initial): D:\GradleCache\wrapper\dists\gradle-9.1.0-all\7wzd0jkjit61aq2p43wpjgij9\gradle-9.1.0\lib\gradle-daemon-main-9.1.0.jar
Launcher Type: SUN_STANDARD

[Global flags]
     intx CICompilerCount                          = 3                                         {product} {ergonomic}
     uint ConcGCThreads                            = 1                                         {product} {ergonomic}
     uint G1ConcRefinementThreads                  = 4                                         {product} {ergonomic}
   size_t G1HeapRegionSize                         = 1048576                                   {product} {ergonomic}
    uintx GCDrainStackTargetSize                   = 64                                        {product} {ergonomic}
     bool HeapDumpOnOutOfMemoryError               = true                                   {manageable} {command line}
   size_t InitialHeapSize                          = 132120576                                 {product} {ergonomic}
   size_t MarkStackSize                            = 4194304                                   {product} {ergonomic}
   size_t MaxHeapSize                              = 2147483648                                {product} {command line}
   size_t MaxMetaspaceSize                         = 4294967296                                {product} {command line}
   size_t MaxNewSize                               = 1287651328                                {product} {ergonomic}
   size_t MinHeapDeltaBytes                        = 1048576                                   {product} {ergonomic}
   size_t MinHeapSize                              = 8388608                                   {product} {ergonomic}
    uintx NonNMethodCodeHeapSize                   = 5832780                                {pd product} {ergonomic}
    uintx NonProfiledCodeHeapSize                  = 265519066                              {pd product} {ergonomic}
    uintx ProfiledCodeHeapSize                     = 265519066                              {pd product} {ergonomic}
    uintx ReservedCodeCacheSize                    = 536870912                              {pd product} {command line}
     bool SegmentedCodeCache                       = true                                      {product} {ergonomic}
   size_t SoftMaxHeapSize                          = 2147483648                             {manageable} {ergonomic}
     bool UseCompressedOops                        = true                           {product lp64_product} {ergonomic}
     bool UseG1GC                                  = true                                      {product} {ergonomic}
     bool UseLargePagesIndividualAllocation        = false                                  {pd product} {ergonomic}

Logging:
Log output configuration:
 #0: stdout all=warning uptime,level,tags foldmultilines=false
 #1: stderr all=off uptime,level,tags foldmultilines=false

Release file:
JAVA_VERSION="21.0.10" 
MODULES="java.base java.compiler java.datatransfer java.xml java.prefs java.desktop java.instrument java.logging java.management java.security.sasl java.naming java.rmi java.management.rmi java.net.http java.scripting java.security.jgss java.transaction.xa java.sql java.sql.rowset java.xml.crypto java.se java.smartcardio jdk.accessibility jdk.internal.jvmstat jdk.attach jdk.charsets jdk.internal.opt jdk.zipfs jdk.compiler jdk.crypto.ec jdk.crypto.cryptoki jdk.crypto.mscapi jdk.dynalink jdk.internal.ed jdk.editpad jdk.hotspot.agent jdk.httpserver jdk.internal.le jdk.internal.vm.ci jdk.internal.vm.compiler jdk.internal.vm.compiler.management jdk.jartool jdk.javadoc jdk.jcmd jdk.management jdk.management.agent jdk.jconsole jdk.jdeps jdk.jdwp.agent jdk.jdi jdk.jfr jdk.jshell jdk.jsobject jdk.jstatd jdk.localedata jdk.management.jfr jdk.naming.dns jdk.naming.rmi jdk.net jdk.nio.mapmode jdk.random jdk.sctp jdk.security.auth jdk.security.jgss jdk.unsupported jdk.unsupported.desktop jdk.xml.dom" 

Environment Variables:
JAVA_HOME=C:\Program Files\Java\jdk-23
PATH=C:\Program Files\Python313\Scripts\;C:\Program Files\Python313\;C:\Program Files\Common Files\Oracle\Java\javapath;C:\Windows\system32;C:\Windows;C:\Windows\System32\Wbem;C:\Windows\System32\WindowsPowerShell\v1.0\;C:\Windows\System32\OpenSSH\;C:\Program Files\Java\jdk-23\bin;C:\Program Files\Python313\Scripts;C:\Program Files\Git\cmd;C:\Program Files\nodejs\;C:\Program Files\dotnet\;C:\Program Files\Docker\Docker\resources\bin;C:\Users\Lenovo\Downloads\apache-maven-3.9.11-bin\apache-maven-3.9.11\bin;C:\Users\Lenovo\AppData\Local\Microsoft\WindowsApps;C:\Users\Lenovo\AppData\Local\Programs\Microsoft VS Code\bin;C:\Program Files\Python313\Scripts;C:\Scripts;C:\Users\Lenovo\AppData\Roaming\npm;D:\sqlite\sqlite-dll-win-x64-3500400\sqlite3.dll;D:\.android;D:\JetBrains\New folder\JetBrains Rider 2025.3.0.3\bin;C:\Users\Lenovo\.dotnet\tools;c:\users\lenovo\appdata\roaming\python\python313\scripts;c:\users\lenovo\.local\bin;C:\Users\Lenovo\AppData\Roaming\Python\Scripts;C:\Users\Lenovo\AppData\Roaming\Python\Scripts;D:\src\flutter\bin;
USERNAME=Lenovo
OS=Windows_NT
PROCESSOR_IDENTIFIER=Intel64 Family 6 Model 142 Stepping 9, GenuineIntel
TMP=D:\Temp
TEMP=D:\Temp




Periodic native trim disabled

---------------  S Y S T E M  ---------------

OS:
 Windows 10 , 64 bit Build 19041 (10.0.19041.7291)
OS uptime: 0 days 15:24 hours
Hyper-V role detected

CPU: total 4 (initial active 4) (2 cores per cpu, 2 threads per core) family 6 model 142 stepping 9 microcode 0xf4, cx8, cmov, fxsr, ht, mmx, 3dnowpref, sse, sse2, sse3, ssse3, sse4.1, sse4.2, popcnt, lzcnt, tsc, tscinvbit, avx, avx2, aes, erms, clmul, bmi1, bmi2, rtm, adx, fma, vzeroupper, clflush, clflushopt, hv, rdtscp, f16c
Processor Information for the first 4 processors :
  Max Mhz: 2712, Current Mhz: 2611, Mhz Limit: 2603

Memory: 4k page, system-wide physical 8026M (400M free)
TotalPageFile size 19744M (AvailPageFile size 0M)
current process WorkingSet (physical memory assigned to process): 408M, peak: 426M
current process commit charge ("private bytes"): 528M, peak: 531M

vm_info: OpenJDK 64-Bit Server VM (21.0.10+7-LTS) for windows-amd64 JRE (21.0.10+7-LTS), built on 2026-01-20T00:00:00Z by "admin" with MS VC++ 17.12 (VS2022)

END.
